{"/home/pauline/dev/school/m2/balance-ton-enseigne/server/src/config/app.ts": {"path":"/home/pauline/dev/school/m2/balance-ton-enseigne/server/src/config/app.ts","statementMap":{"0":{"start":{"line":1,"column":0},"end":{"line":1,"column":41}},"1":{"start":{"line":2,"column":0},"end":{"line":2,"column":24}},"2":{"start":{"line":3,"column":0},"end":{"line":3,"column":31}},"3":{"start":{"line":5,"column":21},"end":{"line":5,"column":30}},"4":{"start":{"line":7,"column":0},"end":{"line":7,"column":28}},"5":{"start":{"line":8,"column":0},"end":{"line":8,"column":16}},"6":{"start":{"line":9,"column":0},"end":{"line":9,"column":24}},"7":{"start":{"line":10,"column":0},"end":{"line":10,"column":16}},"8":{"start":{"line":12,"column":0},"end":{"line":12,"column":19}}},"fnMap":{},"branchMap":{},"s":{"0":6,"1":6,"2":6,"3":6,"4":6,"5":6,"6":6,"7":6,"8":6},"f":{},"b":{}}
,"/home/pauline/dev/school/m2/balance-ton-enseigne/server/src/config/database.ts": {"path":"/home/pauline/dev/school/m2/balance-ton-enseigne/server/src/config/database.ts","statementMap":{"0":{"start":{"line":1,"column":0},"end":{"line":1,"column":56}},"1":{"start":{"line":2,"column":0},"end":{"line":2,"column":80}},"2":{"start":{"line":4,"column":30},"end":{"line":10,"column":2}},"3":{"start":{"line":12,"column":29},"end":{"line":12,"column":55}},"4":{"start":{"line":14,"column":0},"end":{"line":14,"column":24}}},"fnMap":{},"branchMap":{},"s":{"0":6,"1":6,"2":6,"3":6,"4":6},"f":{},"b":{}}
,"/home/pauline/dev/school/m2/balance-ton-enseigne/server/src/config/variables.ts": {"path":"/home/pauline/dev/school/m2/balance-ton-enseigne/server/src/config/variables.ts","statementMap":{"0":{"start":{"line":1,"column":0},"end":{"line":1,"column":28}},"1":{"start":{"line":3,"column":13},"end":{"line":3,"column":45}},"2":{"start":{"line":5,"column":0},"end":{"line":9,"column":1}},"3":{"start":{"line":6,"column":4},"end":{"line":6,"column":41}},"4":{"start":{"line":8,"column":4},"end":{"line":8,"column":20}},"5":{"start":{"line":11,"column":13},"end":{"line":11,"column":63}},"6":{"start":{"line":13,"column":13},"end":{"line":13,"column":66}},"7":{"start":{"line":14,"column":13},"end":{"line":14,"column":61}},"8":{"start":{"line":15,"column":13},"end":{"line":15,"column":73}},"9":{"start":{"line":16,"column":13},"end":{"line":16,"column":65}},"10":{"start":{"line":17,"column":13},"end":{"line":17,"column":73}},"11":{"start":{"line":19,"column":13},"end":{"line":19,"column":69}}},"fnMap":{},"branchMap":{"0":{"loc":{"start":{"line":5,"column":0},"end":{"line":9,"column":1}},"type":"if","locations":[{"start":{"line":5,"column":0},"end":{"line":9,"column":1}},{"start":{"line":7,"column":7},"end":{"line":9,"column":1}}]},"1":{"loc":{"start":{"line":11,"column":32},"end":{"line":11,"column":62}},"type":"cond-expr","locations":[{"start":{"line":11,"column":52},"end":{"line":11,"column":56}},{"start":{"line":11,"column":56},"end":{"line":11,"column":62}}]},"2":{"loc":{"start":{"line":11,"column":32},"end":{"line":11,"column":56}},"type":"binary-expr","locations":[{"start":{"line":11,"column":32},"end":{"line":11,"column":56}},{"start":{"line":11,"column":52},"end":{"line":11,"column":56}}]},"3":{"loc":{"start":{"line":13,"column":31},"end":{"line":13,"column":65}},"type":"cond-expr","locations":[{"start":{"line":13,"column":50},"end":{"line":13,"column":54}},{"start":{"line":13,"column":54},"end":{"line":13,"column":65}}]},"4":{"loc":{"start":{"line":13,"column":31},"end":{"line":13,"column":54}},"type":"binary-expr","locations":[{"start":{"line":13,"column":31},"end":{"line":13,"column":54}},{"start":{"line":13,"column":50},"end":{"line":13,"column":54}}]},"5":{"loc":{"start":{"line":14,"column":31},"end":{"line":14,"column":60}},"type":"cond-expr","locations":[{"start":{"line":14,"column":50},"end":{"line":14,"column":54}},{"start":{"line":14,"column":54},"end":{"line":14,"column":60}}]},"6":{"loc":{"start":{"line":14,"column":31},"end":{"line":14,"column":54}},"type":"binary-expr","locations":[{"start":{"line":14,"column":31},"end":{"line":14,"column":54}},{"start":{"line":14,"column":50},"end":{"line":14,"column":54}}]},"7":{"loc":{"start":{"line":15,"column":35},"end":{"line":15,"column":72}},"type":"cond-expr","locations":[{"start":{"line":15,"column":58},"end":{"line":15,"column":62}},{"start":{"line":15,"column":62},"end":{"line":15,"column":72}}]},"8":{"loc":{"start":{"line":15,"column":35},"end":{"line":15,"column":62}},"type":"binary-expr","locations":[{"start":{"line":15,"column":35},"end":{"line":15,"column":62}},{"start":{"line":15,"column":58},"end":{"line":15,"column":62}}]},"9":{"loc":{"start":{"line":16,"column":31},"end":{"line":16,"column":64}},"type":"cond-expr","locations":[{"start":{"line":16,"column":54},"end":{"line":16,"column":58}},{"start":{"line":16,"column":58},"end":{"line":16,"column":64}}]},"10":{"loc":{"start":{"line":16,"column":31},"end":{"line":16,"column":58}},"type":"binary-expr","locations":[{"start":{"line":16,"column":31},"end":{"line":16,"column":58}},{"start":{"line":16,"column":54},"end":{"line":16,"column":58}}]},"11":{"loc":{"start":{"line":17,"column":35},"end":{"line":17,"column":72}},"type":"cond-expr","locations":[{"start":{"line":17,"column":58},"end":{"line":17,"column":62}},{"start":{"line":17,"column":62},"end":{"line":17,"column":72}}]},"12":{"loc":{"start":{"line":17,"column":35},"end":{"line":17,"column":62}},"type":"binary-expr","locations":[{"start":{"line":17,"column":35},"end":{"line":17,"column":62}},{"start":{"line":17,"column":58},"end":{"line":17,"column":62}}]},"13":{"loc":{"start":{"line":19,"column":34},"end":{"line":19,"column":68}},"type":"cond-expr","locations":[{"start":{"line":19,"column":56},"end":{"line":19,"column":60}},{"start":{"line":19,"column":60},"end":{"line":19,"column":68}}]},"14":{"loc":{"start":{"line":19,"column":34},"end":{"line":19,"column":60}},"type":"binary-expr","locations":[{"start":{"line":19,"column":34},"end":{"line":19,"column":60}},{"start":{"line":19,"column":56},"end":{"line":19,"column":60}}]}},"s":{"0":6,"1":6,"2":6,"3":6,"4":0,"5":6,"6":6,"7":6,"8":6,"9":6,"10":6,"11":6},"f":{},"b":{"0":[6,0],"1":[6,0],"2":[6,6],"3":[6,0],"4":[6,6],"5":[6,0],"6":[6,6],"7":[6,0],"8":[6,6],"9":[6,0],"10":[6,6],"11":[6,0],"12":[6,6],"13":[6,0],"14":[6,6]}}
,"/home/pauline/dev/school/m2/balance-ton-enseigne/server/src/controllers/AuthController.ts": {"path":"/home/pauline/dev/school/m2/balance-ton-enseigne/server/src/controllers/AuthController.ts","statementMap":{"0":{"start":{"line":2,"column":0},"end":{"line":2,"column":50}},"1":{"start":{"line":3,"column":0},"end":{"line":3,"column":63}},"2":{"start":{"line":4,"column":0},"end":{"line":4,"column":60}},"3":{"start":{"line":5,"column":0},"end":{"line":5,"column":78}},"4":{"start":{"line":6,"column":0},"end":{"line":6,"column":51}},"5":{"start":{"line":7,"column":0},"end":{"line":7,"column":31}},"6":{"start":{"line":8,"column":0},"end":{"line":8,"column":47}},"7":{"start":{"line":13,"column":44},"end":{"line":13,"column":96}},"8":{"start":{"line":14,"column":8},"end":{"line":20,"column":9}},"9":{"start":{"line":15,"column":12},"end":{"line":19,"column":15}},"10":{"start":{"line":22,"column":8},"end":{"line":59,"column":9}},"11":{"start":{"line":23,"column":28},"end":{"line":23,"column":85}},"12":{"start":{"line":24,"column":12},"end":{"line":51,"column":13}},"13":{"start":{"line":25,"column":16},"end":{"line":29,"column":19}},"14":{"start":{"line":31,"column":29},"end":{"line":31,"column":39}},"15":{"start":{"line":32,"column":40},"end":{"line":32,"column":99}},"16":{"start":{"line":33,"column":16},"end":{"line":50,"column":17}},"17":{"start":{"line":34,"column":20},"end":{"line":38,"column":23}},"18":{"start":{"line":40,"column":34},"end":{"line":40,"column":53}},"19":{"start":{"line":41,"column":20},"end":{"line":49,"column":23}},"20":{"start":{"line":53,"column":12},"end":{"line":58,"column":15}},"21":{"start":{"line":64,"column":8},"end":{"line":64,"column":40}},"22":{"start":{"line":68,"column":30},"end":{"line":68,"column":59}},"23":{"start":{"line":69,"column":8},"end":{"line":89,"column":9}},"24":{"start":{"line":70,"column":26},"end":{"line":70,"column":53}},"25":{"start":{"line":71,"column":34},"end":{"line":71,"column":71}},"26":{"start":{"line":73,"column":12},"end":{"line":88,"column":13}},"27":{"start":{"line":74,"column":32},"end":{"line":74,"column":87}},"28":{"start":{"line":75,"column":16},"end":{"line":80,"column":19}},"29":{"start":{"line":82,"column":16},"end":{"line":87,"column":19}},"30":{"start":{"line":93,"column":0},"end":{"line":93,"column":30}}},"fnMap":{"0":{"name":"(anonymous_8)","decl":{"start":{"line":12,"column":4},"end":{"line":12,"column":10}},"loc":{"start":{"line":12,"column":59},"end":{"line":61,"column":null}}},"1":{"name":"(anonymous_10)","decl":{"start":{"line":63,"column":4},"end":{"line":63,"column":10}},"loc":{"start":{"line":63,"column":60},"end":{"line":65,"column":null}}},"2":{"name":"(anonymous_12)","decl":{"start":{"line":67,"column":4},"end":{"line":67,"column":10}},"loc":{"start":{"line":67,"column":61},"end":{"line":90,"column":null}}}},"branchMap":{"0":{"loc":{"start":{"line":14,"column":8},"end":{"line":20,"column":9}},"type":"if","locations":[{"start":{"line":14,"column":8},"end":{"line":20,"column":9}}]},"1":{"loc":{"start":{"line":24,"column":12},"end":{"line":51,"column":13}},"type":"if","locations":[{"start":{"line":24,"column":12},"end":{"line":51,"column":13}},{"start":{"line":30,"column":19},"end":{"line":51,"column":13}}]},"2":{"loc":{"start":{"line":33,"column":16},"end":{"line":50,"column":17}},"type":"if","locations":[{"start":{"line":33,"column":16},"end":{"line":50,"column":17}},{"start":{"line":39,"column":23},"end":{"line":50,"column":17}}]},"3":{"loc":{"start":{"line":69,"column":8},"end":{"line":89,"column":9}},"type":"if","locations":[{"start":{"line":69,"column":8},"end":{"line":89,"column":9}}]}},"s":{"0":6,"1":6,"2":6,"3":6,"4":6,"5":6,"6":6,"7":7,"8":7,"9":4,"10":3,"11":3,"12":3,"13":1,"14":2,"15":2,"16":2,"17":1,"18":1,"19":1,"20":0,"21":1,"22":1,"23":1,"24":1,"25":1,"26":1,"27":1,"28":1,"29":0,"30":6},"f":{"0":7,"1":1,"2":1},"b":{"0":[4],"1":[1,2],"2":[1,1],"3":[1]}}
,"/home/pauline/dev/school/m2/balance-ton-enseigne/server/src/controllers/CityController.ts": {"path":"/home/pauline/dev/school/m2/balance-ton-enseigne/server/src/controllers/CityController.ts","statementMap":{"0":{"start":{"line":2,"column":0},"end":{"line":2,"column":60}},"1":{"start":{"line":3,"column":0},"end":{"line":3,"column":80}},"2":{"start":{"line":4,"column":0},"end":{"line":4,"column":48}},"3":{"start":{"line":5,"column":0},"end":{"line":5,"column":60}},"4":{"start":{"line":6,"column":0},"end":{"line":6,"column":64}},"5":{"start":{"line":10,"column":44},"end":{"line":10,"column":95}},"6":{"start":{"line":11,"column":8},"end":{"line":17,"column":9}},"7":{"start":{"line":12,"column":12},"end":{"line":16,"column":15}},"8":{"start":{"line":19,"column":8},"end":{"line":44,"column":9}},"9":{"start":{"line":20,"column":28},"end":{"line":20,"column":96}},"10":{"start":{"line":21,"column":12},"end":{"line":36,"column":13}},"11":{"start":{"line":22,"column":16},"end":{"line":26,"column":19}},"12":{"start":{"line":28,"column":32},"end":{"line":28,"column":73}},"13":{"start":{"line":29,"column":29},"end":{"line":29,"column":85}},"14":{"start":{"line":30,"column":16},"end":{"line":35,"column":19}},"15":{"start":{"line":38,"column":12},"end":{"line":43,"column":15}},"16":{"start":{"line":48,"column":8},"end":{"line":63,"column":9}},"17":{"start":{"line":49,"column":28},"end":{"line":49,"column":60}},"18":{"start":{"line":50,"column":12},"end":{"line":55,"column":15}},"19":{"start":{"line":57,"column":12},"end":{"line":62,"column":15}},"20":{"start":{"line":67,"column":27},"end":{"line":67,"column":61}},"21":{"start":{"line":68,"column":8},"end":{"line":74,"column":9}},"22":{"start":{"line":69,"column":12},"end":{"line":73,"column":15}},"23":{"start":{"line":76,"column":8},"end":{"line":99,"column":9}},"24":{"start":{"line":77,"column":28},"end":{"line":77,"column":93}},"25":{"start":{"line":78,"column":12},"end":{"line":91,"column":13}},"26":{"start":{"line":79,"column":16},"end":{"line":83,"column":19}},"27":{"start":{"line":85,"column":16},"end":{"line":90,"column":19}},"28":{"start":{"line":93,"column":12},"end":{"line":98,"column":15}},"29":{"start":{"line":103,"column":27},"end":{"line":103,"column":61}},"30":{"start":{"line":104,"column":8},"end":{"line":110,"column":9}},"31":{"start":{"line":105,"column":12},"end":{"line":109,"column":15}},"32":{"start":{"line":112,"column":44},"end":{"line":112,"column":95}},"33":{"start":{"line":113,"column":8},"end":{"line":119,"column":9}},"34":{"start":{"line":114,"column":12},"end":{"line":118,"column":15}},"35":{"start":{"line":121,"column":8},"end":{"line":155,"column":9}},"36":{"start":{"line":122,"column":28},"end":{"line":122,"column":93}},"37":{"start":{"line":123,"column":12},"end":{"line":147,"column":13}},"38":{"start":{"line":124,"column":16},"end":{"line":128,"column":19}},"39":{"start":{"line":130,"column":32},"end":{"line":130,"column":100}},"40":{"start":{"line":131,"column":16},"end":{"line":146,"column":17}},"41":{"start":{"line":132,"column":20},"end":{"line":136,"column":23}},"42":{"start":{"line":138,"column":20},"end":{"line":138,"column":89}},"43":{"start":{"line":139,"column":33},"end":{"line":139,"column":98}},"44":{"start":{"line":140,"column":20},"end":{"line":145,"column":23}},"45":{"start":{"line":149,"column":12},"end":{"line":154,"column":15}},"46":{"start":{"line":159,"column":27},"end":{"line":159,"column":61}},"47":{"start":{"line":160,"column":8},"end":{"line":166,"column":9}},"48":{"start":{"line":161,"column":12},"end":{"line":165,"column":15}},"49":{"start":{"line":168,"column":8},"end":{"line":204,"column":9}},"50":{"start":{"line":169,"column":40},"end":{"line":169,"column":105}},"51":{"start":{"line":170,"column":12},"end":{"line":185,"column":13}},"52":{"start":{"line":171,"column":16},"end":{"line":175,"column":19}},"53":{"start":{"line":177,"column":46},"end":{"line":177,"column":113}},"54":{"start":{"line":178,"column":16},"end":{"line":184,"column":17}},"55":{"start":{"line":179,"column":20},"end":{"line":183,"column":23}},"56":{"start":{"line":187,"column":28},"end":{"line":187,"column":82}},"57":{"start":{"line":188,"column":12},"end":{"line":196,"column":13}},"58":{"start":{"line":189,"column":16},"end":{"line":193,"column":19}},"59":{"start":{"line":195,"column":16},"end":{"line":195,"column":48}},"60":{"start":{"line":198,"column":12},"end":{"line":203,"column":15}},"61":{"start":{"line":208,"column":0},"end":{"line":208,"column":30}}},"fnMap":{"0":{"name":"(anonymous_8)","decl":{"start":{"line":9,"column":4},"end":{"line":9,"column":10}},"loc":{"start":{"line":9,"column":60},"end":{"line":45,"column":null}}},"1":{"name":"(anonymous_10)","decl":{"start":{"line":47,"column":4},"end":{"line":47,"column":10}},"loc":{"start":{"line":47,"column":60},"end":{"line":64,"column":null}}},"2":{"name":"(anonymous_12)","decl":{"start":{"line":66,"column":4},"end":{"line":66,"column":10}},"loc":{"start":{"line":66,"column":60},"end":{"line":100,"column":null}}},"3":{"name":"(anonymous_14)","decl":{"start":{"line":102,"column":4},"end":{"line":102,"column":10}},"loc":{"start":{"line":102,"column":60},"end":{"line":156,"column":null}}},"4":{"name":"(anonymous_16)","decl":{"start":{"line":158,"column":4},"end":{"line":158,"column":10}},"loc":{"start":{"line":158,"column":60},"end":{"line":205,"column":null}}}},"branchMap":{"0":{"loc":{"start":{"line":11,"column":8},"end":{"line":17,"column":9}},"type":"if","locations":[{"start":{"line":11,"column":8},"end":{"line":17,"column":9}}]},"1":{"loc":{"start":{"line":21,"column":12},"end":{"line":36,"column":13}},"type":"if","locations":[{"start":{"line":21,"column":12},"end":{"line":36,"column":13}},{"start":{"line":27,"column":19},"end":{"line":36,"column":13}}]},"2":{"loc":{"start":{"line":68,"column":8},"end":{"line":74,"column":9}},"type":"if","locations":[{"start":{"line":68,"column":8},"end":{"line":74,"column":9}}]},"3":{"loc":{"start":{"line":78,"column":12},"end":{"line":91,"column":13}},"type":"if","locations":[{"start":{"line":78,"column":12},"end":{"line":91,"column":13}},{"start":{"line":84,"column":19},"end":{"line":91,"column":13}}]},"4":{"loc":{"start":{"line":104,"column":8},"end":{"line":110,"column":9}},"type":"if","locations":[{"start":{"line":104,"column":8},"end":{"line":110,"column":9}}]},"5":{"loc":{"start":{"line":113,"column":8},"end":{"line":119,"column":9}},"type":"if","locations":[{"start":{"line":113,"column":8},"end":{"line":119,"column":9}}]},"6":{"loc":{"start":{"line":123,"column":12},"end":{"line":147,"column":13}},"type":"if","locations":[{"start":{"line":123,"column":12},"end":{"line":147,"column":13}},{"start":{"line":129,"column":19},"end":{"line":147,"column":13}}]},"7":{"loc":{"start":{"line":131,"column":16},"end":{"line":146,"column":17}},"type":"if","locations":[{"start":{"line":131,"column":16},"end":{"line":146,"column":17}},{"start":{"line":137,"column":23},"end":{"line":146,"column":17}}]},"8":{"loc":{"start":{"line":131,"column":20},"end":{"line":131,"column":90}},"type":"binary-expr","locations":[{"start":{"line":131,"column":20},"end":{"line":131,"column":38}},{"start":{"line":131,"column":42},"end":{"line":131,"column":90}}]},"9":{"loc":{"start":{"line":160,"column":8},"end":{"line":166,"column":9}},"type":"if","locations":[{"start":{"line":160,"column":8},"end":{"line":166,"column":9}}]},"10":{"loc":{"start":{"line":170,"column":12},"end":{"line":185,"column":13}},"type":"if","locations":[{"start":{"line":170,"column":12},"end":{"line":185,"column":13}},{"start":{"line":176,"column":19},"end":{"line":185,"column":13}}]},"11":{"loc":{"start":{"line":178,"column":16},"end":{"line":184,"column":17}},"type":"if","locations":[{"start":{"line":178,"column":16},"end":{"line":184,"column":17}}]},"12":{"loc":{"start":{"line":188,"column":12},"end":{"line":196,"column":13}},"type":"if","locations":[{"start":{"line":188,"column":12},"end":{"line":196,"column":13}},{"start":{"line":194,"column":19},"end":{"line":196,"column":13}}]}},"s":{"0":6,"1":6,"2":6,"3":6,"4":6,"5":23,"6":23,"7":20,"8":3,"9":3,"10":3,"11":1,"12":2,"13":2,"14":2,"15":0,"16":1,"17":1,"18":1,"19":0,"20":5,"21":5,"22":3,"23":2,"24":2,"25":2,"26":1,"27":1,"28":0,"29":26,"30":26,"31":3,"32":23,"33":23,"34":20,"35":3,"36":3,"37":3,"38":1,"39":2,"40":2,"41":1,"42":1,"43":1,"44":1,"45":0,"46":5,"47":5,"48":3,"49":2,"50":2,"51":2,"52":0,"53":2,"54":2,"55":0,"56":2,"57":2,"58":1,"59":1,"60":0,"61":6},"f":{"0":23,"1":1,"2":5,"3":26,"4":5},"b":{"0":[20],"1":[1,2],"2":[3],"3":[1,1],"4":[3],"5":[20],"6":[1,2],"7":[1,1],"8":[2,2],"9":[3],"10":[0,2],"11":[0],"12":[1,1]}}
,"/home/pauline/dev/school/m2/balance-ton-enseigne/server/src/controllers/ReportController.ts": {"path":"/home/pauline/dev/school/m2/balance-ton-enseigne/server/src/controllers/ReportController.ts","statementMap":{"0":{"start":{"line":2,"column":0},"end":{"line":2,"column":64}},"1":{"start":{"line":3,"column":0},"end":{"line":3,"column":80}},"2":{"start":{"line":4,"column":0},"end":{"line":4,"column":52}},"3":{"start":{"line":8,"column":44},"end":{"line":8,"column":97}},"4":{"start":{"line":9,"column":8},"end":{"line":15,"column":9}},"5":{"start":{"line":10,"column":12},"end":{"line":14,"column":15}},"6":{"start":{"line":17,"column":8},"end":{"line":42,"column":9}},"7":{"start":{"line":18,"column":28},"end":{"line":18,"column":93}},"8":{"start":{"line":19,"column":12},"end":{"line":34,"column":13}},"9":{"start":{"line":20,"column":16},"end":{"line":24,"column":19}},"10":{"start":{"line":26,"column":32},"end":{"line":26,"column":75}},"11":{"start":{"line":27,"column":31},"end":{"line":27,"column":91}},"12":{"start":{"line":28,"column":16},"end":{"line":33,"column":19}},"13":{"start":{"line":36,"column":12},"end":{"line":41,"column":15}},"14":{"start":{"line":46,"column":8},"end":{"line":61,"column":9}},"15":{"start":{"line":47,"column":28},"end":{"line":47,"column":62}},"16":{"start":{"line":48,"column":12},"end":{"line":53,"column":15}},"17":{"start":{"line":55,"column":12},"end":{"line":60,"column":15}},"18":{"start":{"line":65,"column":27},"end":{"line":65,"column":61}},"19":{"start":{"line":66,"column":8},"end":{"line":72,"column":9}},"20":{"start":{"line":67,"column":12},"end":{"line":71,"column":15}},"21":{"start":{"line":74,"column":8},"end":{"line":97,"column":9}},"22":{"start":{"line":75,"column":28},"end":{"line":75,"column":97}},"23":{"start":{"line":76,"column":12},"end":{"line":89,"column":13}},"24":{"start":{"line":77,"column":16},"end":{"line":81,"column":19}},"25":{"start":{"line":83,"column":16},"end":{"line":88,"column":19}},"26":{"start":{"line":91,"column":12},"end":{"line":96,"column":15}},"27":{"start":{"line":101,"column":27},"end":{"line":101,"column":61}},"28":{"start":{"line":102,"column":8},"end":{"line":108,"column":9}},"29":{"start":{"line":103,"column":12},"end":{"line":107,"column":15}},"30":{"start":{"line":110,"column":44},"end":{"line":110,"column":97}},"31":{"start":{"line":111,"column":8},"end":{"line":117,"column":9}},"32":{"start":{"line":112,"column":12},"end":{"line":116,"column":15}},"33":{"start":{"line":119,"column":8},"end":{"line":153,"column":9}},"34":{"start":{"line":120,"column":28},"end":{"line":120,"column":97}},"35":{"start":{"line":121,"column":12},"end":{"line":145,"column":13}},"36":{"start":{"line":122,"column":16},"end":{"line":126,"column":19}},"37":{"start":{"line":128,"column":32},"end":{"line":128,"column":97}},"38":{"start":{"line":129,"column":16},"end":{"line":144,"column":17}},"39":{"start":{"line":130,"column":20},"end":{"line":134,"column":23}},"40":{"start":{"line":136,"column":20},"end":{"line":136,"column":91}},"41":{"start":{"line":137,"column":35},"end":{"line":137,"column":104}},"42":{"start":{"line":138,"column":20},"end":{"line":143,"column":23}},"43":{"start":{"line":147,"column":12},"end":{"line":152,"column":15}},"44":{"start":{"line":157,"column":27},"end":{"line":157,"column":61}},"45":{"start":{"line":158,"column":8},"end":{"line":164,"column":9}},"46":{"start":{"line":159,"column":12},"end":{"line":163,"column":15}},"47":{"start":{"line":166,"column":8},"end":{"line":172,"column":9}},"48":{"start":{"line":167,"column":12},"end":{"line":171,"column":15}},"49":{"start":{"line":174,"column":8},"end":{"line":180,"column":9}},"50":{"start":{"line":175,"column":12},"end":{"line":179,"column":15}},"51":{"start":{"line":182,"column":8},"end":{"line":207,"column":9}},"52":{"start":{"line":183,"column":28},"end":{"line":183,"column":97}},"53":{"start":{"line":184,"column":12},"end":{"line":199,"column":13}},"54":{"start":{"line":185,"column":16},"end":{"line":189,"column":19}},"55":{"start":{"line":191,"column":16},"end":{"line":191,"column":100}},"56":{"start":{"line":192,"column":31},"end":{"line":192,"column":100}},"57":{"start":{"line":193,"column":16},"end":{"line":198,"column":19}},"58":{"start":{"line":201,"column":12},"end":{"line":206,"column":15}},"59":{"start":{"line":211,"column":27},"end":{"line":211,"column":61}},"60":{"start":{"line":212,"column":8},"end":{"line":218,"column":9}},"61":{"start":{"line":213,"column":12},"end":{"line":217,"column":15}},"62":{"start":{"line":220,"column":8},"end":{"line":238,"column":9}},"63":{"start":{"line":221,"column":28},"end":{"line":221,"column":84}},"64":{"start":{"line":222,"column":12},"end":{"line":230,"column":13}},"65":{"start":{"line":223,"column":16},"end":{"line":227,"column":19}},"66":{"start":{"line":229,"column":16},"end":{"line":229,"column":48}},"67":{"start":{"line":232,"column":12},"end":{"line":237,"column":15}},"68":{"start":{"line":242,"column":0},"end":{"line":242,"column":32}}},"fnMap":{"0":{"name":"(anonymous_8)","decl":{"start":{"line":7,"column":4},"end":{"line":7,"column":10}},"loc":{"start":{"line":7,"column":60},"end":{"line":43,"column":null}}},"1":{"name":"(anonymous_10)","decl":{"start":{"line":45,"column":4},"end":{"line":45,"column":10}},"loc":{"start":{"line":45,"column":60},"end":{"line":62,"column":null}}},"2":{"name":"(anonymous_12)","decl":{"start":{"line":64,"column":4},"end":{"line":64,"column":10}},"loc":{"start":{"line":64,"column":60},"end":{"line":98,"column":null}}},"3":{"name":"(anonymous_14)","decl":{"start":{"line":100,"column":4},"end":{"line":100,"column":10}},"loc":{"start":{"line":100,"column":60},"end":{"line":154,"column":null}}},"4":{"name":"(anonymous_16)","decl":{"start":{"line":156,"column":4},"end":{"line":156,"column":10}},"loc":{"start":{"line":156,"column":66},"end":{"line":208,"column":null}}},"5":{"name":"(anonymous_18)","decl":{"start":{"line":210,"column":4},"end":{"line":210,"column":10}},"loc":{"start":{"line":210,"column":60},"end":{"line":239,"column":null}}}},"branchMap":{"0":{"loc":{"start":{"line":9,"column":8},"end":{"line":15,"column":9}},"type":"if","locations":[{"start":{"line":9,"column":8},"end":{"line":15,"column":9}}]},"1":{"loc":{"start":{"line":19,"column":12},"end":{"line":34,"column":13}},"type":"if","locations":[{"start":{"line":19,"column":12},"end":{"line":34,"column":13}},{"start":{"line":25,"column":19},"end":{"line":34,"column":13}}]},"2":{"loc":{"start":{"line":66,"column":8},"end":{"line":72,"column":9}},"type":"if","locations":[{"start":{"line":66,"column":8},"end":{"line":72,"column":9}}]},"3":{"loc":{"start":{"line":76,"column":12},"end":{"line":89,"column":13}},"type":"if","locations":[{"start":{"line":76,"column":12},"end":{"line":89,"column":13}},{"start":{"line":82,"column":19},"end":{"line":89,"column":13}}]},"4":{"loc":{"start":{"line":102,"column":8},"end":{"line":108,"column":9}},"type":"if","locations":[{"start":{"line":102,"column":8},"end":{"line":108,"column":9}}]},"5":{"loc":{"start":{"line":111,"column":8},"end":{"line":117,"column":9}},"type":"if","locations":[{"start":{"line":111,"column":8},"end":{"line":117,"column":9}}]},"6":{"loc":{"start":{"line":121,"column":12},"end":{"line":145,"column":13}},"type":"if","locations":[{"start":{"line":121,"column":12},"end":{"line":145,"column":13}},{"start":{"line":127,"column":19},"end":{"line":145,"column":13}}]},"7":{"loc":{"start":{"line":129,"column":16},"end":{"line":144,"column":17}},"type":"if","locations":[{"start":{"line":129,"column":16},"end":{"line":144,"column":17}},{"start":{"line":135,"column":23},"end":{"line":144,"column":17}}]},"8":{"loc":{"start":{"line":129,"column":20},"end":{"line":129,"column":92}},"type":"binary-expr","locations":[{"start":{"line":129,"column":20},"end":{"line":129,"column":38}},{"start":{"line":129,"column":42},"end":{"line":129,"column":92}}]},"9":{"loc":{"start":{"line":158,"column":8},"end":{"line":164,"column":9}},"type":"if","locations":[{"start":{"line":158,"column":8},"end":{"line":164,"column":9}}]},"10":{"loc":{"start":{"line":166,"column":8},"end":{"line":172,"column":9}},"type":"if","locations":[{"start":{"line":166,"column":8},"end":{"line":172,"column":9}}]},"11":{"loc":{"start":{"line":174,"column":8},"end":{"line":180,"column":9}},"type":"if","locations":[{"start":{"line":174,"column":8},"end":{"line":180,"column":9}}]},"12":{"loc":{"start":{"line":184,"column":12},"end":{"line":199,"column":13}},"type":"if","locations":[{"start":{"line":184,"column":12},"end":{"line":199,"column":13}},{"start":{"line":190,"column":19},"end":{"line":199,"column":13}}]},"13":{"loc":{"start":{"line":212,"column":8},"end":{"line":218,"column":9}},"type":"if","locations":[{"start":{"line":212,"column":8},"end":{"line":218,"column":9}}]},"14":{"loc":{"start":{"line":222,"column":12},"end":{"line":230,"column":13}},"type":"if","locations":[{"start":{"line":222,"column":12},"end":{"line":230,"column":13}},{"start":{"line":228,"column":19},"end":{"line":230,"column":13}}]}},"s":{"0":6,"1":6,"2":6,"3":17,"4":17,"5":14,"6":3,"7":3,"8":3,"9":1,"10":2,"11":2,"12":2,"13":0,"14":1,"15":1,"16":1,"17":0,"18":5,"19":5,"20":3,"21":2,"22":2,"23":2,"24":1,"25":1,"26":0,"27":20,"28":20,"29":3,"30":17,"31":17,"32":14,"33":3,"34":3,"35":3,"36":1,"37":2,"38":2,"39":1,"40":1,"41":1,"42":1,"43":0,"44":7,"45":7,"46":3,"47":4,"48":1,"49":3,"50":1,"51":2,"52":2,"53":2,"54":1,"55":1,"56":1,"57":1,"58":0,"59":5,"60":5,"61":3,"62":2,"63":2,"64":2,"65":1,"66":1,"67":0,"68":6},"f":{"0":17,"1":1,"2":5,"3":20,"4":7,"5":5},"b":{"0":[14],"1":[1,2],"2":[3],"3":[1,1],"4":[3],"5":[14],"6":[1,2],"7":[1,1],"8":[2,2],"9":[3],"10":[1],"11":[1],"12":[1,1],"13":[3],"14":[1,1]}}
,"/home/pauline/dev/school/m2/balance-ton-enseigne/server/src/controllers/RoleController.ts": {"path":"/home/pauline/dev/school/m2/balance-ton-enseigne/server/src/controllers/RoleController.ts","statementMap":{"0":{"start":{"line":2,"column":0},"end":{"line":2,"column":60}},"1":{"start":{"line":3,"column":0},"end":{"line":3,"column":80}},"2":{"start":{"line":4,"column":0},"end":{"line":4,"column":48}},"3":{"start":{"line":5,"column":0},"end":{"line":5,"column":60}},"4":{"start":{"line":9,"column":44},"end":{"line":9,"column":95}},"5":{"start":{"line":10,"column":8},"end":{"line":16,"column":9}},"6":{"start":{"line":11,"column":12},"end":{"line":15,"column":15}},"7":{"start":{"line":18,"column":8},"end":{"line":43,"column":9}},"8":{"start":{"line":19,"column":28},"end":{"line":19,"column":83}},"9":{"start":{"line":20,"column":12},"end":{"line":35,"column":13}},"10":{"start":{"line":21,"column":16},"end":{"line":25,"column":19}},"11":{"start":{"line":27,"column":32},"end":{"line":27,"column":73}},"12":{"start":{"line":28,"column":29},"end":{"line":28,"column":85}},"13":{"start":{"line":29,"column":16},"end":{"line":34,"column":19}},"14":{"start":{"line":37,"column":12},"end":{"line":42,"column":15}},"15":{"start":{"line":47,"column":8},"end":{"line":62,"column":9}},"16":{"start":{"line":48,"column":28},"end":{"line":48,"column":60}},"17":{"start":{"line":49,"column":12},"end":{"line":54,"column":15}},"18":{"start":{"line":56,"column":12},"end":{"line":61,"column":15}},"19":{"start":{"line":66,"column":36},"end":{"line":66,"column":70}},"20":{"start":{"line":67,"column":8},"end":{"line":73,"column":9}},"21":{"start":{"line":68,"column":12},"end":{"line":72,"column":15}},"22":{"start":{"line":75,"column":8},"end":{"line":98,"column":9}},"23":{"start":{"line":76,"column":28},"end":{"line":76,"column":93}},"24":{"start":{"line":77,"column":12},"end":{"line":90,"column":13}},"25":{"start":{"line":78,"column":16},"end":{"line":82,"column":19}},"26":{"start":{"line":84,"column":16},"end":{"line":89,"column":19}},"27":{"start":{"line":92,"column":12},"end":{"line":97,"column":15}},"28":{"start":{"line":102,"column":36},"end":{"line":102,"column":70}},"29":{"start":{"line":103,"column":8},"end":{"line":109,"column":9}},"30":{"start":{"line":104,"column":12},"end":{"line":108,"column":15}},"31":{"start":{"line":111,"column":44},"end":{"line":111,"column":95}},"32":{"start":{"line":112,"column":8},"end":{"line":118,"column":9}},"33":{"start":{"line":113,"column":12},"end":{"line":117,"column":15}},"34":{"start":{"line":120,"column":8},"end":{"line":154,"column":9}},"35":{"start":{"line":121,"column":28},"end":{"line":121,"column":93}},"36":{"start":{"line":122,"column":12},"end":{"line":146,"column":13}},"37":{"start":{"line":123,"column":16},"end":{"line":127,"column":19}},"38":{"start":{"line":129,"column":32},"end":{"line":129,"column":87}},"39":{"start":{"line":130,"column":16},"end":{"line":145,"column":17}},"40":{"start":{"line":131,"column":20},"end":{"line":135,"column":23}},"41":{"start":{"line":137,"column":20},"end":{"line":137,"column":89}},"42":{"start":{"line":138,"column":33},"end":{"line":138,"column":98}},"43":{"start":{"line":139,"column":20},"end":{"line":144,"column":23}},"44":{"start":{"line":148,"column":12},"end":{"line":153,"column":15}},"45":{"start":{"line":158,"column":36},"end":{"line":158,"column":70}},"46":{"start":{"line":159,"column":8},"end":{"line":165,"column":9}},"47":{"start":{"line":160,"column":12},"end":{"line":164,"column":15}},"48":{"start":{"line":167,"column":8},"end":{"line":194,"column":9}},"49":{"start":{"line":168,"column":40},"end":{"line":168,"column":105}},"50":{"start":{"line":169,"column":12},"end":{"line":175,"column":13}},"51":{"start":{"line":170,"column":16},"end":{"line":174,"column":19}},"52":{"start":{"line":177,"column":28},"end":{"line":177,"column":82}},"53":{"start":{"line":178,"column":12},"end":{"line":186,"column":13}},"54":{"start":{"line":179,"column":16},"end":{"line":183,"column":19}},"55":{"start":{"line":185,"column":16},"end":{"line":185,"column":48}},"56":{"start":{"line":188,"column":12},"end":{"line":193,"column":15}},"57":{"start":{"line":198,"column":0},"end":{"line":198,"column":30}}},"fnMap":{"0":{"name":"(anonymous_8)","decl":{"start":{"line":8,"column":4},"end":{"line":8,"column":10}},"loc":{"start":{"line":8,"column":60},"end":{"line":44,"column":null}}},"1":{"name":"(anonymous_10)","decl":{"start":{"line":46,"column":4},"end":{"line":46,"column":10}},"loc":{"start":{"line":46,"column":60},"end":{"line":63,"column":null}}},"2":{"name":"(anonymous_12)","decl":{"start":{"line":65,"column":4},"end":{"line":65,"column":10}},"loc":{"start":{"line":65,"column":60},"end":{"line":99,"column":null}}},"3":{"name":"(anonymous_14)","decl":{"start":{"line":101,"column":4},"end":{"line":101,"column":10}},"loc":{"start":{"line":101,"column":60},"end":{"line":155,"column":null}}},"4":{"name":"(anonymous_16)","decl":{"start":{"line":157,"column":4},"end":{"line":157,"column":10}},"loc":{"start":{"line":157,"column":60},"end":{"line":195,"column":null}}}},"branchMap":{"0":{"loc":{"start":{"line":10,"column":8},"end":{"line":16,"column":9}},"type":"if","locations":[{"start":{"line":10,"column":8},"end":{"line":16,"column":9}}]},"1":{"loc":{"start":{"line":20,"column":12},"end":{"line":35,"column":13}},"type":"if","locations":[{"start":{"line":20,"column":12},"end":{"line":35,"column":13}},{"start":{"line":26,"column":19},"end":{"line":35,"column":13}}]},"2":{"loc":{"start":{"line":67,"column":8},"end":{"line":73,"column":9}},"type":"if","locations":[{"start":{"line":67,"column":8},"end":{"line":73,"column":9}}]},"3":{"loc":{"start":{"line":77,"column":12},"end":{"line":90,"column":13}},"type":"if","locations":[{"start":{"line":77,"column":12},"end":{"line":90,"column":13}},{"start":{"line":83,"column":19},"end":{"line":90,"column":13}}]},"4":{"loc":{"start":{"line":103,"column":8},"end":{"line":109,"column":9}},"type":"if","locations":[{"start":{"line":103,"column":8},"end":{"line":109,"column":9}}]},"5":{"loc":{"start":{"line":112,"column":8},"end":{"line":118,"column":9}},"type":"if","locations":[{"start":{"line":112,"column":8},"end":{"line":118,"column":9}}]},"6":{"loc":{"start":{"line":122,"column":12},"end":{"line":146,"column":13}},"type":"if","locations":[{"start":{"line":122,"column":12},"end":{"line":146,"column":13}},{"start":{"line":128,"column":19},"end":{"line":146,"column":13}}]},"7":{"loc":{"start":{"line":130,"column":16},"end":{"line":145,"column":17}},"type":"if","locations":[{"start":{"line":130,"column":16},"end":{"line":145,"column":17}},{"start":{"line":136,"column":23},"end":{"line":145,"column":17}}]},"8":{"loc":{"start":{"line":130,"column":20},"end":{"line":130,"column":85}},"type":"binary-expr","locations":[{"start":{"line":130,"column":20},"end":{"line":130,"column":38}},{"start":{"line":130,"column":42},"end":{"line":130,"column":85}}]},"9":{"loc":{"start":{"line":159,"column":8},"end":{"line":165,"column":9}},"type":"if","locations":[{"start":{"line":159,"column":8},"end":{"line":165,"column":9}}]},"10":{"loc":{"start":{"line":169,"column":12},"end":{"line":175,"column":13}},"type":"if","locations":[{"start":{"line":169,"column":12},"end":{"line":175,"column":13}}]},"11":{"loc":{"start":{"line":178,"column":12},"end":{"line":186,"column":13}},"type":"if","locations":[{"start":{"line":178,"column":12},"end":{"line":186,"column":13}},{"start":{"line":184,"column":19},"end":{"line":186,"column":13}}]}},"s":{"0":6,"1":6,"2":6,"3":6,"4":6,"5":6,"6":3,"7":3,"8":3,"9":3,"10":1,"11":2,"12":2,"13":2,"14":0,"15":1,"16":1,"17":1,"18":0,"19":5,"20":5,"21":3,"22":2,"23":2,"24":2,"25":1,"26":1,"27":0,"28":9,"29":9,"30":3,"31":6,"32":6,"33":3,"34":3,"35":3,"36":3,"37":1,"38":2,"39":2,"40":1,"41":1,"42":1,"43":1,"44":0,"45":6,"46":6,"47":3,"48":3,"49":3,"50":3,"51":1,"52":2,"53":2,"54":1,"55":1,"56":0,"57":6},"f":{"0":6,"1":1,"2":5,"3":9,"4":6},"b":{"0":[3],"1":[1,2],"2":[3],"3":[1,1],"4":[3],"5":[3],"6":[1,2],"7":[1,1],"8":[2,1],"9":[3],"10":[1],"11":[1,1]}}
,"/home/pauline/dev/school/m2/balance-ton-enseigne/server/src/controllers/UserController.ts": {"path":"/home/pauline/dev/school/m2/balance-ton-enseigne/server/src/controllers/UserController.ts","statementMap":{"0":{"start":{"line":2,"column":0},"end":{"line":2,"column":60}},"1":{"start":{"line":3,"column":0},"end":{"line":3,"column":80}},"2":{"start":{"line":4,"column":0},"end":{"line":4,"column":78}},"3":{"start":{"line":5,"column":0},"end":{"line":5,"column":61}},"4":{"start":{"line":6,"column":0},"end":{"line":6,"column":64}},"5":{"start":{"line":10,"column":44},"end":{"line":10,"column":101}},"6":{"start":{"line":12,"column":8},"end":{"line":18,"column":9}},"7":{"start":{"line":13,"column":12},"end":{"line":17,"column":15}},"8":{"start":{"line":20,"column":8},"end":{"line":45,"column":9}},"9":{"start":{"line":21,"column":28},"end":{"line":21,"column":85}},"10":{"start":{"line":22,"column":12},"end":{"line":37,"column":13}},"11":{"start":{"line":23,"column":16},"end":{"line":27,"column":19}},"12":{"start":{"line":29,"column":32},"end":{"line":29,"column":73}},"13":{"start":{"line":30,"column":29},"end":{"line":30,"column":85}},"14":{"start":{"line":31,"column":16},"end":{"line":36,"column":19}},"15":{"start":{"line":39,"column":12},"end":{"line":44,"column":15}},"16":{"start":{"line":49,"column":8},"end":{"line":64,"column":9}},"17":{"start":{"line":50,"column":28},"end":{"line":50,"column":60}},"18":{"start":{"line":51,"column":12},"end":{"line":56,"column":15}},"19":{"start":{"line":55,"column":42},"end":{"line":55,"column":66}},"20":{"start":{"line":58,"column":12},"end":{"line":63,"column":15}},"21":{"start":{"line":68,"column":27},"end":{"line":68,"column":61}},"22":{"start":{"line":69,"column":8},"end":{"line":75,"column":9}},"23":{"start":{"line":70,"column":12},"end":{"line":74,"column":15}},"24":{"start":{"line":77,"column":8},"end":{"line":100,"column":9}},"25":{"start":{"line":78,"column":28},"end":{"line":78,"column":93}},"26":{"start":{"line":79,"column":12},"end":{"line":92,"column":13}},"27":{"start":{"line":80,"column":16},"end":{"line":84,"column":19}},"28":{"start":{"line":86,"column":16},"end":{"line":91,"column":19}},"29":{"start":{"line":94,"column":12},"end":{"line":99,"column":15}},"30":{"start":{"line":104,"column":27},"end":{"line":104,"column":61}},"31":{"start":{"line":105,"column":8},"end":{"line":111,"column":9}},"32":{"start":{"line":106,"column":12},"end":{"line":110,"column":15}},"33":{"start":{"line":113,"column":8},"end":{"line":137,"column":9}},"34":{"start":{"line":114,"column":28},"end":{"line":114,"column":93}},"35":{"start":{"line":115,"column":12},"end":{"line":129,"column":13}},"36":{"start":{"line":116,"column":16},"end":{"line":120,"column":19}},"37":{"start":{"line":122,"column":32},"end":{"line":122,"column":99}},"38":{"start":{"line":123,"column":16},"end":{"line":128,"column":19}},"39":{"start":{"line":131,"column":12},"end":{"line":136,"column":15}},"40":{"start":{"line":141,"column":27},"end":{"line":141,"column":61}},"41":{"start":{"line":142,"column":8},"end":{"line":148,"column":9}},"42":{"start":{"line":143,"column":12},"end":{"line":147,"column":15}},"43":{"start":{"line":150,"column":44},"end":{"line":150,"column":101}},"44":{"start":{"line":151,"column":8},"end":{"line":157,"column":9}},"45":{"start":{"line":152,"column":12},"end":{"line":156,"column":15}},"46":{"start":{"line":159,"column":8},"end":{"line":193,"column":9}},"47":{"start":{"line":160,"column":28},"end":{"line":160,"column":93}},"48":{"start":{"line":161,"column":12},"end":{"line":185,"column":13}},"49":{"start":{"line":162,"column":16},"end":{"line":166,"column":19}},"50":{"start":{"line":168,"column":32},"end":{"line":168,"column":89}},"51":{"start":{"line":169,"column":16},"end":{"line":184,"column":17}},"52":{"start":{"line":170,"column":20},"end":{"line":174,"column":23}},"53":{"start":{"line":176,"column":20},"end":{"line":176,"column":89}},"54":{"start":{"line":177,"column":33},"end":{"line":177,"column":98}},"55":{"start":{"line":178,"column":20},"end":{"line":183,"column":23}},"56":{"start":{"line":187,"column":12},"end":{"line":192,"column":15}},"57":{"start":{"line":197,"column":27},"end":{"line":197,"column":61}},"58":{"start":{"line":198,"column":8},"end":{"line":204,"column":9}},"59":{"start":{"line":199,"column":12},"end":{"line":203,"column":15}},"60":{"start":{"line":206,"column":8},"end":{"line":212,"column":9}},"61":{"start":{"line":207,"column":12},"end":{"line":211,"column":15}},"62":{"start":{"line":214,"column":8},"end":{"line":237,"column":9}},"63":{"start":{"line":215,"column":28},"end":{"line":215,"column":93}},"64":{"start":{"line":216,"column":12},"end":{"line":229,"column":13}},"65":{"start":{"line":217,"column":16},"end":{"line":221,"column":19}},"66":{"start":{"line":223,"column":16},"end":{"line":223,"column":102}},"67":{"start":{"line":224,"column":16},"end":{"line":228,"column":19}},"68":{"start":{"line":231,"column":12},"end":{"line":236,"column":15}},"69":{"start":{"line":241,"column":27},"end":{"line":241,"column":61}},"70":{"start":{"line":242,"column":8},"end":{"line":248,"column":9}},"71":{"start":{"line":243,"column":12},"end":{"line":247,"column":15}},"72":{"start":{"line":250,"column":8},"end":{"line":268,"column":9}},"73":{"start":{"line":251,"column":28},"end":{"line":251,"column":82}},"74":{"start":{"line":252,"column":12},"end":{"line":260,"column":13}},"75":{"start":{"line":253,"column":16},"end":{"line":257,"column":19}},"76":{"start":{"line":259,"column":16},"end":{"line":259,"column":48}},"77":{"start":{"line":262,"column":12},"end":{"line":267,"column":15}},"78":{"start":{"line":272,"column":0},"end":{"line":272,"column":30}}},"fnMap":{"0":{"name":"(anonymous_8)","decl":{"start":{"line":9,"column":4},"end":{"line":9,"column":10}},"loc":{"start":{"line":9,"column":60},"end":{"line":46,"column":null}}},"1":{"name":"(anonymous_10)","decl":{"start":{"line":48,"column":4},"end":{"line":48,"column":10}},"loc":{"start":{"line":48,"column":60},"end":{"line":65,"column":null}}},"2":{"name":"(anonymous_12)","decl":{"start":{"line":55,"column":34},"end":{"line":55,"column":38}},"loc":{"start":{"line":55,"column":42},"end":{"line":55,"column":66}}},"3":{"name":"(anonymous_13)","decl":{"start":{"line":67,"column":4},"end":{"line":67,"column":10}},"loc":{"start":{"line":67,"column":60},"end":{"line":101,"column":null}}},"4":{"name":"(anonymous_15)","decl":{"start":{"line":103,"column":4},"end":{"line":103,"column":10}},"loc":{"start":{"line":103,"column":64},"end":{"line":138,"column":null}}},"5":{"name":"(anonymous_17)","decl":{"start":{"line":140,"column":4},"end":{"line":140,"column":10}},"loc":{"start":{"line":140,"column":60},"end":{"line":194,"column":null}}},"6":{"name":"(anonymous_19)","decl":{"start":{"line":196,"column":4},"end":{"line":196,"column":10}},"loc":{"start":{"line":196,"column":68},"end":{"line":238,"column":null}}},"7":{"name":"(anonymous_21)","decl":{"start":{"line":240,"column":4},"end":{"line":240,"column":10}},"loc":{"start":{"line":240,"column":60},"end":{"line":269,"column":null}}}},"branchMap":{"0":{"loc":{"start":{"line":12,"column":8},"end":{"line":18,"column":9}},"type":"if","locations":[{"start":{"line":12,"column":8},"end":{"line":18,"column":9}}]},"1":{"loc":{"start":{"line":22,"column":12},"end":{"line":37,"column":13}},"type":"if","locations":[{"start":{"line":22,"column":12},"end":{"line":37,"column":13}},{"start":{"line":28,"column":19},"end":{"line":37,"column":13}}]},"2":{"loc":{"start":{"line":69,"column":8},"end":{"line":75,"column":9}},"type":"if","locations":[{"start":{"line":69,"column":8},"end":{"line":75,"column":9}}]},"3":{"loc":{"start":{"line":79,"column":12},"end":{"line":92,"column":13}},"type":"if","locations":[{"start":{"line":79,"column":12},"end":{"line":92,"column":13}},{"start":{"line":85,"column":19},"end":{"line":92,"column":13}}]},"4":{"loc":{"start":{"line":105,"column":8},"end":{"line":111,"column":9}},"type":"if","locations":[{"start":{"line":105,"column":8},"end":{"line":111,"column":9}}]},"5":{"loc":{"start":{"line":115,"column":12},"end":{"line":129,"column":13}},"type":"if","locations":[{"start":{"line":115,"column":12},"end":{"line":129,"column":13}},{"start":{"line":121,"column":19},"end":{"line":129,"column":13}}]},"6":{"loc":{"start":{"line":142,"column":8},"end":{"line":148,"column":9}},"type":"if","locations":[{"start":{"line":142,"column":8},"end":{"line":148,"column":9}}]},"7":{"loc":{"start":{"line":151,"column":8},"end":{"line":157,"column":9}},"type":"if","locations":[{"start":{"line":151,"column":8},"end":{"line":157,"column":9}}]},"8":{"loc":{"start":{"line":161,"column":12},"end":{"line":185,"column":13}},"type":"if","locations":[{"start":{"line":161,"column":12},"end":{"line":185,"column":13}},{"start":{"line":167,"column":19},"end":{"line":185,"column":13}}]},"9":{"loc":{"start":{"line":169,"column":16},"end":{"line":184,"column":17}},"type":"if","locations":[{"start":{"line":169,"column":16},"end":{"line":184,"column":17}},{"start":{"line":175,"column":23},"end":{"line":184,"column":17}}]},"10":{"loc":{"start":{"line":169,"column":20},"end":{"line":169,"column":90}},"type":"binary-expr","locations":[{"start":{"line":169,"column":20},"end":{"line":169,"column":38}},{"start":{"line":169,"column":42},"end":{"line":169,"column":90}}]},"11":{"loc":{"start":{"line":198,"column":8},"end":{"line":204,"column":9}},"type":"if","locations":[{"start":{"line":198,"column":8},"end":{"line":204,"column":9}}]},"12":{"loc":{"start":{"line":206,"column":8},"end":{"line":212,"column":9}},"type":"if","locations":[{"start":{"line":206,"column":8},"end":{"line":212,"column":9}}]},"13":{"loc":{"start":{"line":216,"column":12},"end":{"line":229,"column":13}},"type":"if","locations":[{"start":{"line":216,"column":12},"end":{"line":229,"column":13}},{"start":{"line":222,"column":19},"end":{"line":229,"column":13}}]},"14":{"loc":{"start":{"line":242,"column":8},"end":{"line":248,"column":9}},"type":"if","locations":[{"start":{"line":242,"column":8},"end":{"line":248,"column":9}}]},"15":{"loc":{"start":{"line":252,"column":12},"end":{"line":260,"column":13}},"type":"if","locations":[{"start":{"line":252,"column":12},"end":{"line":260,"column":13}},{"start":{"line":258,"column":19},"end":{"line":260,"column":13}}]}},"s":{"0":6,"1":6,"2":6,"3":6,"4":6,"5":14,"6":14,"7":10,"8":4,"9":4,"10":4,"11":1,"12":3,"13":3,"14":3,"15":0,"16":1,"17":1,"18":1,"19":8,"20":0,"21":5,"22":5,"23":3,"24":2,"25":2,"26":2,"27":1,"28":1,"29":0,"30":5,"31":5,"32":3,"33":2,"34":2,"35":2,"36":1,"37":1,"38":1,"39":0,"40":14,"41":14,"42":3,"43":11,"44":11,"45":8,"46":3,"47":3,"48":3,"49":1,"50":2,"51":2,"52":1,"53":1,"54":1,"55":1,"56":0,"57":6,"58":6,"59":3,"60":3,"61":1,"62":2,"63":2,"64":2,"65":1,"66":1,"67":1,"68":0,"69":5,"70":5,"71":3,"72":2,"73":2,"74":2,"75":1,"76":1,"77":0,"78":6},"f":{"0":14,"1":1,"2":8,"3":5,"4":5,"5":14,"6":6,"7":5},"b":{"0":[10],"1":[1,3],"2":[3],"3":[1,1],"4":[3],"5":[1,1],"6":[3],"7":[8],"8":[1,2],"9":[1,1],"10":[2,2],"11":[3],"12":[1],"13":[1,1],"14":[3],"15":[1,1]}}
,"/home/pauline/dev/school/m2/balance-ton-enseigne/server/src/fixtures/cityFixtures.ts": {"path":"/home/pauline/dev/school/m2/balance-ton-enseigne/server/src/fixtures/cityFixtures.ts","statementMap":{"0":{"start":{"line":1,"column":0},"end":{"line":1,"column":49}},"1":{"start":{"line":5,"column":4},"end":{"line":16,"column":6}},"2":{"start":{"line":4,"column":0},"end":{"line":4,"column":16}},"3":{"start":{"line":20,"column":33},"end":{"line":20,"column":35}},"4":{"start":{"line":21,"column":4},"end":{"line":23,"column":5}},"5":{"start":{"line":21,"column":17},"end":{"line":21,"column":18}},"6":{"start":{"line":22,"column":8},"end":{"line":22,"column":36}},"7":{"start":{"line":24,"column":4},"end":{"line":24,"column":18}},"8":{"start":{"line":19,"column":0},"end":{"line":19,"column":16}}},"fnMap":{"0":{"name":"generateCity","decl":{"start":{"line":4,"column":16},"end":{"line":4,"column":28}},"loc":{"start":{"line":4,"column":28},"end":{"line":17,"column":1}}},"1":{"name":"generateCities","decl":{"start":{"line":19,"column":16},"end":{"line":19,"column":30}},"loc":{"start":{"line":19,"column":45},"end":{"line":25,"column":1}}}},"branchMap":{},"s":{"0":6,"1":18,"2":6,"3":6,"4":6,"5":6,"6":18,"7":6,"8":6},"f":{"0":18,"1":6},"b":{}}
,"/home/pauline/dev/school/m2/balance-ton-enseigne/server/src/fixtures/reportFixtures.ts": {"path":"/home/pauline/dev/school/m2/balance-ton-enseigne/server/src/fixtures/reportFixtures.ts","statementMap":{"0":{"start":{"line":1,"column":0},"end":{"line":1,"column":49}},"1":{"start":{"line":5,"column":4},"end":{"line":13,"column":6}},"2":{"start":{"line":4,"column":0},"end":{"line":4,"column":16}},"3":{"start":{"line":17,"column":36},"end":{"line":17,"column":38}},"4":{"start":{"line":18,"column":4},"end":{"line":20,"column":5}},"5":{"start":{"line":18,"column":17},"end":{"line":18,"column":18}},"6":{"start":{"line":19,"column":8},"end":{"line":19,"column":84}},"7":{"start":{"line":21,"column":4},"end":{"line":21,"column":19}},"8":{"start":{"line":16,"column":0},"end":{"line":16,"column":16}}},"fnMap":{"0":{"name":"generateReport","decl":{"start":{"line":4,"column":16},"end":{"line":4,"column":30}},"loc":{"start":{"line":4,"column":92},"end":{"line":14,"column":1}}},"1":{"name":"generateReports","decl":{"start":{"line":16,"column":16},"end":{"line":16,"column":31}},"loc":{"start":{"line":16,"column":109},"end":{"line":22,"column":1}}}},"branchMap":{},"s":{"0":6,"1":72,"2":6,"3":6,"4":6,"5":6,"6":72,"7":6,"8":6},"f":{"0":72,"1":6},"b":{}}
,"/home/pauline/dev/school/m2/balance-ton-enseigne/server/src/fixtures/roleFixtures.ts": {"path":"/home/pauline/dev/school/m2/balance-ton-enseigne/server/src/fixtures/roleFixtures.ts","statementMap":{"0":{"start":{"line":4,"column":4},"end":{"line":11,"column":6}},"1":{"start":{"line":3,"column":0},"end":{"line":3,"column":16}}},"fnMap":{"0":{"name":"generateRoles","decl":{"start":{"line":3,"column":16},"end":{"line":3,"column":29}},"loc":{"start":{"line":3,"column":29},"end":{"line":12,"column":1}}}},"branchMap":{},"s":{"0":6,"1":6},"f":{"0":6},"b":{}}
,"/home/pauline/dev/school/m2/balance-ton-enseigne/server/src/fixtures/testDatabaseFixtures.ts": {"path":"/home/pauline/dev/school/m2/balance-ton-enseigne/server/src/fixtures/testDatabaseFixtures.ts","statementMap":{"0":{"start":{"line":2,"column":0},"end":{"line":2,"column":29}},"1":{"start":{"line":3,"column":0},"end":{"line":3,"column":42}},"2":{"start":{"line":4,"column":0},"end":{"line":4,"column":46}},"3":{"start":{"line":5,"column":0},"end":{"line":5,"column":45}},"4":{"start":{"line":6,"column":0},"end":{"line":6,"column":45}},"5":{"start":{"line":7,"column":0},"end":{"line":7,"column":49}},"6":{"start":{"line":8,"column":0},"end":{"line":8,"column":60}},"7":{"start":{"line":9,"column":0},"end":{"line":9,"column":60}},"8":{"start":{"line":10,"column":0},"end":{"line":10,"column":60}},"9":{"start":{"line":11,"column":0},"end":{"line":11,"column":64}},"10":{"start":{"line":13,"column":25},"end":{"line":13,"column":26}},"11":{"start":{"line":14,"column":24},"end":{"line":14,"column":25}},"12":{"start":{"line":15,"column":26},"end":{"line":15,"column":28}},"13":{"start":{"line":18,"column":4},"end":{"line":18,"column":45}},"14":{"start":{"line":19,"column":4},"end":{"line":19,"column":27}},"15":{"start":{"line":17,"column":0},"end":{"line":17,"column":30}},"16":{"start":{"line":23,"column":25},"end":{"line":23,"column":98}},"17":{"start":{"line":25,"column":23},"end":{"line":25,"column":72}},"18":{"start":{"line":26,"column":20},"end":{"line":26,"column":46}},"19":{"start":{"line":28,"column":4},"end":{"line":37,"column":5}},"20":{"start":{"line":29,"column":8},"end":{"line":33,"column":9}},"21":{"start":{"line":30,"column":12},"end":{"line":32,"column":13}},"22":{"start":{"line":31,"column":16},"end":{"line":31,"column":46}},"23":{"start":{"line":36,"column":8},"end":{"line":36,"column":71}},"24":{"start":{"line":41,"column":4},"end":{"line":49,"column":5}},"25":{"start":{"line":42,"column":8},"end":{"line":42,"column":33}},"26":{"start":{"line":43,"column":8},"end":{"line":43,"column":32}},"27":{"start":{"line":44,"column":8},"end":{"line":44,"column":32}},"28":{"start":{"line":45,"column":8},"end":{"line":45,"column":34}},"29":{"start":{"line":48,"column":8},"end":{"line":48,"column":78}},"30":{"start":{"line":53,"column":19},"end":{"line":53,"column":51}},"31":{"start":{"line":54,"column":4},"end":{"line":61,"column":5}},"32":{"start":{"line":55,"column":8},"end":{"line":57,"column":9}},"33":{"start":{"line":56,"column":12},"end":{"line":56,"column":46}},"34":{"start":{"line":60,"column":8},"end":{"line":60,"column":76}},"35":{"start":{"line":65,"column":18},"end":{"line":65,"column":33}},"36":{"start":{"line":66,"column":4},"end":{"line":73,"column":5}},"37":{"start":{"line":67,"column":8},"end":{"line":69,"column":9}},"38":{"start":{"line":68,"column":12},"end":{"line":68,"column":null}},"39":{"start":{"line":72,"column":8},"end":{"line":72,"column":75}},"40":{"start":{"line":77,"column":18},"end":{"line":77,"column":72}},"41":{"start":{"line":78,"column":4},"end":{"line":85,"column":5}},"42":{"start":{"line":79,"column":8},"end":{"line":81,"column":9}},"43":{"start":{"line":80,"column":12},"end":{"line":80,"column":46}},"44":{"start":{"line":84,"column":8},"end":{"line":84,"column":75}},"45":{"start":{"line":89,"column":20},"end":{"line":89,"column":89}},"46":{"start":{"line":90,"column":4},"end":{"line":97,"column":5}},"47":{"start":{"line":91,"column":8},"end":{"line":93,"column":9}},"48":{"start":{"line":92,"column":12},"end":{"line":92,"column":50}},"49":{"start":{"line":96,"column":8},"end":{"line":96,"column":77}}},"fnMap":{"0":{"name":"initializeTestDatabase","decl":{"start":{"line":17,"column":30},"end":{"line":17,"column":52}},"loc":{"start":{"line":17,"column":78},"end":{"line":20,"column":null}}},"1":{"name":"createTablesFromSqlFile","decl":{"start":{"line":22,"column":15},"end":{"line":22,"column":38}},"loc":{"start":{"line":22,"column":65},"end":{"line":38,"column":null}}},"2":{"name":"insertFakeData","decl":{"start":{"line":40,"column":15},"end":{"line":40,"column":29}},"loc":{"start":{"line":40,"column":29},"end":{"line":50,"column":null}}},"3":{"name":"insertFakeCities","decl":{"start":{"line":52,"column":15},"end":{"line":52,"column":31}},"loc":{"start":{"line":52,"column":31},"end":{"line":62,"column":null}}},"4":{"name":"insertFakeRoles","decl":{"start":{"line":64,"column":15},"end":{"line":64,"column":30}},"loc":{"start":{"line":64,"column":30},"end":{"line":74,"column":null}}},"5":{"name":"insertFakeUsers","decl":{"start":{"line":76,"column":15},"end":{"line":76,"column":30}},"loc":{"start":{"line":76,"column":30},"end":{"line":86,"column":null}}},"6":{"name":"insertFakeReports","decl":{"start":{"line":88,"column":15},"end":{"line":88,"column":32}},"loc":{"start":{"line":88,"column":32},"end":{"line":98,"column":null}}}},"branchMap":{"0":{"loc":{"start":{"line":30,"column":12},"end":{"line":32,"column":13}},"type":"if","locations":[{"start":{"line":30,"column":12},"end":{"line":32,"column":13}}]}},"s":{"0":6,"1":6,"2":6,"3":6,"4":6,"5":6,"6":6,"7":6,"8":6,"9":6,"10":6,"11":6,"12":6,"13":6,"14":6,"15":6,"16":6,"17":6,"18":6,"19":6,"20":6,"21":54,"22":48,"23":0,"24":6,"25":6,"26":6,"27":6,"28":6,"29":0,"30":6,"31":6,"32":6,"33":18,"34":0,"35":6,"36":6,"37":6,"38":12,"39":0,"40":6,"41":6,"42":6,"43":36,"44":0,"45":6,"46":6,"47":6,"48":72,"49":0},"f":{"0":6,"1":6,"2":6,"3":6,"4":6,"5":6,"6":6},"b":{"0":[48]}}
,"/home/pauline/dev/school/m2/balance-ton-enseigne/server/src/fixtures/userFixtures.ts": {"path":"/home/pauline/dev/school/m2/balance-ton-enseigne/server/src/fixtures/userFixtures.ts","statementMap":{"0":{"start":{"line":1,"column":0},"end":{"line":1,"column":49}},"1":{"start":{"line":3,"column":0},"end":{"line":3,"column":55}},"2":{"start":{"line":6,"column":27},"end":{"line":6,"column":72}},"3":{"start":{"line":7,"column":4},"end":{"line":13,"column":6}},"4":{"start":{"line":5,"column":0},"end":{"line":5,"column":22}},"5":{"start":{"line":17,"column":38},"end":{"line":17,"column":40}},"6":{"start":{"line":18,"column":4},"end":{"line":20,"column":5}},"7":{"start":{"line":18,"column":17},"end":{"line":18,"column":18}},"8":{"start":{"line":19,"column":8},"end":{"line":19,"column":63}},"9":{"start":{"line":21,"column":4},"end":{"line":21,"column":17}},"10":{"start":{"line":16,"column":0},"end":{"line":16,"column":22}}},"fnMap":{"0":{"name":"generateUser","decl":{"start":{"line":5,"column":22},"end":{"line":5,"column":34}},"loc":{"start":{"line":5,"column":65},"end":{"line":14,"column":null}}},"1":{"name":"generateUsers","decl":{"start":{"line":16,"column":22},"end":{"line":16,"column":35}},"loc":{"start":{"line":16,"column":82},"end":{"line":22,"column":null}}}},"branchMap":{},"s":{"0":6,"1":6,"2":36,"3":36,"4":6,"5":6,"6":6,"7":6,"8":36,"9":6,"10":6},"f":{"0":36,"1":6},"b":{}}
,"/home/pauline/dev/school/m2/balance-ton-enseigne/server/src/helpers/jwtHelper.ts": {"path":"/home/pauline/dev/school/m2/balance-ton-enseigne/server/src/helpers/jwtHelper.ts","statementMap":{"0":{"start":{"line":1,"column":0},"end":{"line":1,"column":31}},"1":{"start":{"line":2,"column":0},"end":{"line":2,"column":47}},"2":{"start":{"line":5,"column":29},"end":{"line":13,"column":1}},"3":{"start":{"line":6,"column":4},"end":{"line":12,"column":6}},"4":{"start":{"line":5,"column":13},"end":{"line":5,"column":29}}},"fnMap":{"0":{"name":"(anonymous_1)","decl":{"start":{"line":5,"column":29},"end":{"line":5,"column":30}},"loc":{"start":{"line":5,"column":44},"end":{"line":13,"column":1}}}},"branchMap":{},"s":{"0":6,"1":6,"2":6,"3":1,"4":6},"f":{"0":1},"b":{}}
,"/home/pauline/dev/school/m2/balance-ton-enseigne/server/src/helpers/passwordHelper.ts": {"path":"/home/pauline/dev/school/m2/balance-ton-enseigne/server/src/helpers/passwordHelper.ts","statementMap":{"0":{"start":{"line":1,"column":0},"end":{"line":1,"column":28}},"1":{"start":{"line":4,"column":28},"end":{"line":7,"column":null}},"2":{"start":{"line":4,"column":55},"end":{"line":7,"column":null}},"3":{"start":{"line":5,"column":23},"end":{"line":5,"column":25}},"4":{"start":{"line":6,"column":4},"end":{"line":6,"column":51}},"5":{"start":{"line":4,"column":13},"end":{"line":4,"column":28}},"6":{"start":{"line":9,"column":31},"end":{"line":11,"column":null}},"7":{"start":{"line":9,"column":91},"end":{"line":11,"column":null}},"8":{"start":{"line":10,"column":8},"end":{"line":10,"column":71}},"9":{"start":{"line":9,"column":13},"end":{"line":9,"column":31}},"10":{"start":{"line":13,"column":34},"end":{"line":16,"column":1}},"11":{"start":{"line":14,"column":47},"end":{"line":14,"column":51}},"12":{"start":{"line":14,"column":43},"end":{"line":14,"column":47}},"13":{"start":{"line":15,"column":4},"end":{"line":15,"column":31}},"14":{"start":{"line":13,"column":13},"end":{"line":13,"column":34}}},"fnMap":{"0":{"name":"(anonymous_9)","decl":{"start":{"line":4,"column":28},"end":{"line":4,"column":35}},"loc":{"start":{"line":4,"column":55},"end":{"line":7,"column":null}}},"1":{"name":"(anonymous_10)","decl":{"start":{"line":4,"column":55},"end":{"line":4,"column":null}},"loc":{"start":{"line":4,"column":55},"end":{"line":7,"column":1}}},"2":{"name":"(anonymous_11)","decl":{"start":{"line":9,"column":31},"end":{"line":9,"column":38}},"loc":{"start":{"line":9,"column":91},"end":{"line":11,"column":null}}},"3":{"name":"(anonymous_12)","decl":{"start":{"line":9,"column":91},"end":{"line":9,"column":null}},"loc":{"start":{"line":9,"column":91},"end":{"line":11,"column":1}}},"4":{"name":"(anonymous_13)","decl":{"start":{"line":13,"column":34},"end":{"line":13,"column":35}},"loc":{"start":{"line":13,"column":70},"end":{"line":16,"column":1}}}},"branchMap":{},"s":{"0":6,"1":6,"2":76,"3":76,"4":76,"5":6,"6":6,"7":2,"8":2,"9":6,"10":6,"11":17,"12":17,"13":17,"14":6},"f":{"0":76,"1":76,"2":2,"3":2,"4":17},"b":{}}
,"/home/pauline/dev/school/m2/balance-ton-enseigne/server/src/helpers/validateHelpers.ts": {"path":"/home/pauline/dev/school/m2/balance-ton-enseigne/server/src/helpers/validateHelpers.ts","statementMap":{"0":{"start":{"line":1,"column":35},"end":{"line":13,"column":1}},"1":{"start":{"line":2,"column":4},"end":{"line":10,"column":5}},"2":{"start":{"line":3,"column":8},"end":{"line":5,"column":9}},"3":{"start":{"line":4,"column":12},"end":{"line":4,"column":71}},"4":{"start":{"line":7,"column":8},"end":{"line":9,"column":9}},"5":{"start":{"line":8,"column":12},"end":{"line":8,"column":105}},"6":{"start":{"line":12,"column":4},"end":{"line":12,"column":16}},"7":{"start":{"line":1,"column":13},"end":{"line":1,"column":35}},"8":{"start":{"line":15,"column":32},"end":{"line":17,"column":1}},"9":{"start":{"line":16,"column":4},"end":{"line":16,"column":81}},"10":{"start":{"line":15,"column":14},"end":{"line":15,"column":32}}},"fnMap":{"0":{"name":"(anonymous_0)","decl":{"start":{"line":1,"column":35},"end":{"line":1,"column":36}},"loc":{"start":{"line":1,"column":75},"end":{"line":13,"column":1}}},"1":{"name":"(anonymous_1)","decl":{"start":{"line":15,"column":32},"end":{"line":15,"column":33}},"loc":{"start":{"line":15,"column":56},"end":{"line":17,"column":1}}}},"branchMap":{"0":{"loc":{"start":{"line":3,"column":8},"end":{"line":5,"column":9}},"type":"if","locations":[{"start":{"line":3,"column":8},"end":{"line":5,"column":9}}]},"1":{"loc":{"start":{"line":7,"column":8},"end":{"line":9,"column":9}},"type":"if","locations":[{"start":{"line":7,"column":8},"end":{"line":9,"column":9}}]},"2":{"loc":{"start":{"line":16,"column":11},"end":{"line":16,"column":80}},"type":"binary-expr","locations":[{"start":{"line":16,"column":11},"end":{"line":16,"column":29}},{"start":{"line":16,"column":33},"end":{"line":16,"column":61}},{"start":{"line":16,"column":66},"end":{"line":16,"column":80}}]}},"s":{"0":6,"1":124,"2":540,"3":49,"4":491,"5":47,"6":28,"7":6,"8":6,"9":128,"10":6},"f":{"0":124,"1":128},"b":{"0":[49],"1":[47],"2":[128,113,98]}}
,"/home/pauline/dev/school/m2/balance-ton-enseigne/server/src/models/City.ts": {"path":"/home/pauline/dev/school/m2/balance-ton-enseigne/server/src/models/City.ts","statementMap":{"0":{"start":{"line":30,"column":13},"end":{"line":41,"column":null}}},"fnMap":{},"branchMap":{},"s":{"0":6},"f":{},"b":{}}
,"/home/pauline/dev/school/m2/balance-ton-enseigne/server/src/models/Login.ts": {"path":"/home/pauline/dev/school/m2/balance-ton-enseigne/server/src/models/Login.ts","statementMap":{"0":{"start":{"line":6,"column":13},"end":{"line":9,"column":null}}},"fnMap":{},"branchMap":{},"s":{"0":6},"f":{},"b":{}}
,"/home/pauline/dev/school/m2/balance-ton-enseigne/server/src/models/Report.ts": {"path":"/home/pauline/dev/school/m2/balance-ton-enseigne/server/src/models/Report.ts","statementMap":{"0":{"start":{"line":26,"column":13},"end":{"line":34,"column":null}}},"fnMap":{},"branchMap":{},"s":{"0":6},"f":{},"b":{}}
,"/home/pauline/dev/school/m2/balance-ton-enseigne/server/src/models/Role.ts": {"path":"/home/pauline/dev/school/m2/balance-ton-enseigne/server/src/models/Role.ts","statementMap":{"0":{"start":{"line":12,"column":13},"end":{"line":14,"column":null}}},"fnMap":{},"branchMap":{},"s":{"0":6},"f":{},"b":{}}
,"/home/pauline/dev/school/m2/balance-ton-enseigne/server/src/models/User.ts": {"path":"/home/pauline/dev/school/m2/balance-ton-enseigne/server/src/models/User.ts","statementMap":{"0":{"start":{"line":39,"column":13},"end":{"line":45,"column":null}},"1":{"start":{"line":47,"column":13},"end":{"line":52,"column":null}}},"fnMap":{},"branchMap":{},"s":{"0":6,"1":6},"f":{},"b":{}}
,"/home/pauline/dev/school/m2/balance-ton-enseigne/server/src/repositories/CityRepository.ts": {"path":"/home/pauline/dev/school/m2/balance-ton-enseigne/server/src/repositories/CityRepository.ts","statementMap":{"0":{"start":{"line":2,"column":0},"end":{"line":2,"column":42}},"1":{"start":{"line":7,"column":26},"end":{"line":7,"column":362}},"2":{"start":{"line":8,"column":8},"end":{"line":8,"column":23}},"3":{"start":{"line":12,"column":26},"end":{"line":12,"column":78}},"4":{"start":{"line":13,"column":8},"end":{"line":13,"column":23}},"5":{"start":{"line":17,"column":26},"end":{"line":17,"column":106}},"6":{"start":{"line":18,"column":8},"end":{"line":18,"column":23}},"7":{"start":{"line":22,"column":26},"end":{"line":22,"column":114}},"8":{"start":{"line":23,"column":8},"end":{"line":23,"column":23}},"9":{"start":{"line":27,"column":26},"end":{"line":27,"column":387}},"10":{"start":{"line":28,"column":8},"end":{"line":28,"column":23}},"11":{"start":{"line":32,"column":26},"end":{"line":32,"column":113}},"12":{"start":{"line":33,"column":8},"end":{"line":33,"column":23}},"13":{"start":{"line":37,"column":0},"end":{"line":37,"column":30}}},"fnMap":{"0":{"name":"(anonymous_8)","decl":{"start":{"line":6,"column":4},"end":{"line":6,"column":10}},"loc":{"start":{"line":6,"column":40},"end":{"line":9,"column":null}}},"1":{"name":"(anonymous_10)","decl":{"start":{"line":11,"column":4},"end":{"line":11,"column":10}},"loc":{"start":{"line":11,"column":26},"end":{"line":14,"column":null}}},"2":{"name":"(anonymous_12)","decl":{"start":{"line":16,"column":4},"end":{"line":16,"column":10}},"loc":{"start":{"line":16,"column":49},"end":{"line":19,"column":null}}},"3":{"name":"(anonymous_14)","decl":{"start":{"line":21,"column":4},"end":{"line":21,"column":10}},"loc":{"start":{"line":21,"column":57},"end":{"line":24,"column":null}}},"4":{"name":"(anonymous_16)","decl":{"start":{"line":26,"column":4},"end":{"line":26,"column":10}},"loc":{"start":{"line":26,"column":50},"end":{"line":29,"column":null}}},"5":{"name":"(anonymous_18)","decl":{"start":{"line":31,"column":4},"end":{"line":31,"column":10}},"loc":{"start":{"line":31,"column":38},"end":{"line":34,"column":null}}}},"branchMap":{},"s":{"0":6,"1":20,"2":20,"3":1,"4":1,"5":8,"6":8,"7":5,"8":5,"9":1,"10":1,"11":2,"12":2,"13":6},"f":{"0":20,"1":1,"2":8,"3":5,"4":1,"5":2},"b":{}}
,"/home/pauline/dev/school/m2/balance-ton-enseigne/server/src/repositories/ReportRepository.ts": {"path":"/home/pauline/dev/school/m2/balance-ton-enseigne/server/src/repositories/ReportRepository.ts","statementMap":{"0":{"start":{"line":2,"column":0},"end":{"line":2,"column":42}},"1":{"start":{"line":7,"column":26},"end":{"line":7,"column":300}},"2":{"start":{"line":8,"column":8},"end":{"line":8,"column":23}},"3":{"start":{"line":12,"column":26},"end":{"line":12,"column":82}},"4":{"start":{"line":13,"column":8},"end":{"line":13,"column":23}},"5":{"start":{"line":17,"column":26},"end":{"line":17,"column":110}},"6":{"start":{"line":18,"column":8},"end":{"line":18,"column":23}},"7":{"start":{"line":22,"column":26},"end":{"line":22,"column":107}},"8":{"start":{"line":23,"column":8},"end":{"line":23,"column":23}},"9":{"start":{"line":27,"column":26},"end":{"line":27,"column":114}},"10":{"start":{"line":28,"column":8},"end":{"line":28,"column":23}},"11":{"start":{"line":32,"column":30},"end":{"line":32,"column":52}},"12":{"start":{"line":33,"column":26},"end":{"line":33,"column":125}},"13":{"start":{"line":34,"column":8},"end":{"line":34,"column":23}},"14":{"start":{"line":38,"column":26},"end":{"line":38,"column":326}},"15":{"start":{"line":39,"column":8},"end":{"line":39,"column":23}},"16":{"start":{"line":43,"column":26},"end":{"line":43,"column":137}},"17":{"start":{"line":44,"column":8},"end":{"line":44,"column":23}},"18":{"start":{"line":48,"column":26},"end":{"line":48,"column":119}},"19":{"start":{"line":49,"column":8},"end":{"line":49,"column":23}},"20":{"start":{"line":53,"column":0},"end":{"line":53,"column":32}}},"fnMap":{"0":{"name":"(anonymous_8)","decl":{"start":{"line":6,"column":4},"end":{"line":6,"column":10}},"loc":{"start":{"line":6,"column":44},"end":{"line":9,"column":null}}},"1":{"name":"(anonymous_10)","decl":{"start":{"line":11,"column":4},"end":{"line":11,"column":10}},"loc":{"start":{"line":11,"column":26},"end":{"line":14,"column":null}}},"2":{"name":"(anonymous_12)","decl":{"start":{"line":16,"column":4},"end":{"line":16,"column":10}},"loc":{"start":{"line":16,"column":49},"end":{"line":19,"column":null}}},"3":{"name":"(anonymous_14)","decl":{"start":{"line":21,"column":4},"end":{"line":21,"column":10}},"loc":{"start":{"line":21,"column":49},"end":{"line":24,"column":null}}},"4":{"name":"(anonymous_16)","decl":{"start":{"line":26,"column":4},"end":{"line":26,"column":10}},"loc":{"start":{"line":26,"column":53},"end":{"line":29,"column":null}}},"5":{"name":"(anonymous_18)","decl":{"start":{"line":31,"column":4},"end":{"line":31,"column":10}},"loc":{"start":{"line":31,"column":53},"end":{"line":35,"column":null}}},"6":{"name":"(anonymous_20)","decl":{"start":{"line":37,"column":4},"end":{"line":37,"column":10}},"loc":{"start":{"line":37,"column":56},"end":{"line":40,"column":null}}},"7":{"name":"(anonymous_22)","decl":{"start":{"line":42,"column":4},"end":{"line":42,"column":10}},"loc":{"start":{"line":42,"column":62},"end":{"line":45,"column":null}}},"8":{"name":"(anonymous_24)","decl":{"start":{"line":47,"column":4},"end":{"line":47,"column":10}},"loc":{"start":{"line":47,"column":40},"end":{"line":50,"column":null}}}},"branchMap":{},"s":{"0":6,"1":74,"2":74,"3":1,"4":1,"5":1,"6":1,"7":2,"8":2,"9":11,"10":11,"11":5,"12":5,"13":5,"14":1,"15":1,"16":1,"17":1,"18":2,"19":2,"20":6},"f":{"0":74,"1":1,"2":1,"3":2,"4":11,"5":5,"6":1,"7":1,"8":2},"b":{}}
,"/home/pauline/dev/school/m2/balance-ton-enseigne/server/src/repositories/RoleRepository.ts": {"path":"/home/pauline/dev/school/m2/balance-ton-enseigne/server/src/repositories/RoleRepository.ts","statementMap":{"0":{"start":{"line":2,"column":0},"end":{"line":2,"column":42}},"1":{"start":{"line":7,"column":26},"end":{"line":7,"column":116}},"2":{"start":{"line":8,"column":8},"end":{"line":8,"column":23}},"3":{"start":{"line":12,"column":26},"end":{"line":12,"column":78}},"4":{"start":{"line":13,"column":8},"end":{"line":13,"column":23}},"5":{"start":{"line":17,"column":26},"end":{"line":17,"column":106}},"6":{"start":{"line":18,"column":8},"end":{"line":18,"column":23}},"7":{"start":{"line":22,"column":26},"end":{"line":22,"column":101}},"8":{"start":{"line":23,"column":8},"end":{"line":23,"column":23}},"9":{"start":{"line":27,"column":26},"end":{"line":27,"column":132}},"10":{"start":{"line":28,"column":8},"end":{"line":28,"column":23}},"11":{"start":{"line":32,"column":26},"end":{"line":32,"column":113}},"12":{"start":{"line":33,"column":8},"end":{"line":33,"column":23}},"13":{"start":{"line":37,"column":0},"end":{"line":37,"column":30}}},"fnMap":{"0":{"name":"(anonymous_8)","decl":{"start":{"line":6,"column":4},"end":{"line":6,"column":10}},"loc":{"start":{"line":6,"column":40},"end":{"line":9,"column":null}}},"1":{"name":"(anonymous_10)","decl":{"start":{"line":11,"column":4},"end":{"line":11,"column":10}},"loc":{"start":{"line":11,"column":26},"end":{"line":14,"column":null}}},"2":{"name":"(anonymous_12)","decl":{"start":{"line":16,"column":4},"end":{"line":16,"column":10}},"loc":{"start":{"line":16,"column":49},"end":{"line":19,"column":null}}},"3":{"name":"(anonymous_14)","decl":{"start":{"line":21,"column":4},"end":{"line":21,"column":10}},"loc":{"start":{"line":21,"column":45},"end":{"line":24,"column":null}}},"4":{"name":"(anonymous_16)","decl":{"start":{"line":26,"column":4},"end":{"line":26,"column":10}},"loc":{"start":{"line":26,"column":50},"end":{"line":29,"column":null}}},"5":{"name":"(anonymous_18)","decl":{"start":{"line":31,"column":4},"end":{"line":31,"column":10}},"loc":{"start":{"line":31,"column":38},"end":{"line":34,"column":null}}}},"branchMap":{},"s":{"0":6,"1":14,"2":14,"3":1,"4":1,"5":8,"6":8,"7":5,"8":5,"9":1,"10":1,"11":2,"12":2,"13":6},"f":{"0":14,"1":1,"2":8,"3":5,"4":1,"5":2},"b":{}}
,"/home/pauline/dev/school/m2/balance-ton-enseigne/server/src/repositories/UserRepository.ts": {"path":"/home/pauline/dev/school/m2/balance-ton-enseigne/server/src/repositories/UserRepository.ts","statementMap":{"0":{"start":{"line":2,"column":0},"end":{"line":2,"column":42}},"1":{"start":{"line":3,"column":0},"end":{"line":3,"column":55}},"2":{"start":{"line":8,"column":31},"end":{"line":8,"column":64}},"3":{"start":{"line":9,"column":26},"end":{"line":9,"column":207}},"4":{"start":{"line":10,"column":8},"end":{"line":10,"column":23}},"5":{"start":{"line":14,"column":26},"end":{"line":14,"column":78}},"6":{"start":{"line":15,"column":8},"end":{"line":15,"column":23}},"7":{"start":{"line":19,"column":26},"end":{"line":19,"column":103}},"8":{"start":{"line":20,"column":8},"end":{"line":20,"column":23}},"9":{"start":{"line":24,"column":26},"end":{"line":24,"column":103}},"10":{"start":{"line":25,"column":8},"end":{"line":25,"column":23}},"11":{"start":{"line":29,"column":26},"end":{"line":29,"column":106}},"12":{"start":{"line":30,"column":8},"end":{"line":30,"column":23}},"13":{"start":{"line":34,"column":26},"end":{"line":34,"column":103}},"14":{"start":{"line":35,"column":8},"end":{"line":35,"column":23}},"15":{"start":{"line":39,"column":26},"end":{"line":39,"column":197}},"16":{"start":{"line":40,"column":8},"end":{"line":40,"column":23}},"17":{"start":{"line":44,"column":31},"end":{"line":44,"column":59}},"18":{"start":{"line":45,"column":26},"end":{"line":45,"column":141}},"19":{"start":{"line":46,"column":8},"end":{"line":46,"column":23}},"20":{"start":{"line":50,"column":26},"end":{"line":50,"column":113}},"21":{"start":{"line":51,"column":8},"end":{"line":51,"column":23}},"22":{"start":{"line":55,"column":0},"end":{"line":55,"column":30}}},"fnMap":{"0":{"name":"(anonymous_8)","decl":{"start":{"line":7,"column":4},"end":{"line":7,"column":10}},"loc":{"start":{"line":7,"column":46},"end":{"line":11,"column":null}}},"1":{"name":"(anonymous_10)","decl":{"start":{"line":13,"column":4},"end":{"line":13,"column":10}},"loc":{"start":{"line":13,"column":26},"end":{"line":16,"column":null}}},"2":{"name":"(anonymous_12)","decl":{"start":{"line":18,"column":4},"end":{"line":18,"column":10}},"loc":{"start":{"line":18,"column":49},"end":{"line":21,"column":null}}},"3":{"name":"(anonymous_14)","decl":{"start":{"line":23,"column":4},"end":{"line":23,"column":10}},"loc":{"start":{"line":23,"column":49},"end":{"line":26,"column":null}}},"4":{"name":"(anonymous_16)","decl":{"start":{"line":28,"column":4},"end":{"line":28,"column":10}},"loc":{"start":{"line":28,"column":49},"end":{"line":31,"column":null}}},"5":{"name":"(anonymous_18)","decl":{"start":{"line":33,"column":4},"end":{"line":33,"column":10}},"loc":{"start":{"line":33,"column":47},"end":{"line":36,"column":null}}},"6":{"name":"(anonymous_20)","decl":{"start":{"line":38,"column":4},"end":{"line":38,"column":10}},"loc":{"start":{"line":38,"column":50},"end":{"line":41,"column":null}}},"7":{"name":"(anonymous_22)","decl":{"start":{"line":43,"column":4},"end":{"line":43,"column":10}},"loc":{"start":{"line":43,"column":64},"end":{"line":47,"column":null}}},"8":{"name":"(anonymous_24)","decl":{"start":{"line":49,"column":4},"end":{"line":49,"column":10}},"loc":{"start":{"line":49,"column":38},"end":{"line":52,"column":null}}}},"branchMap":{},"s":{"0":6,"1":6,"2":39,"3":39,"4":39,"5":1,"6":1,"7":3,"8":3,"9":2,"10":2,"11":14,"12":14,"13":9,"14":9,"15":1,"16":1,"17":1,"18":1,"19":1,"20":2,"21":2,"22":6},"f":{"0":39,"1":1,"2":3,"3":2,"4":14,"5":9,"6":1,"7":1,"8":2},"b":{}}
,"/home/pauline/dev/school/m2/balance-ton-enseigne/server/src/routes/authRoutes.ts": {"path":"/home/pauline/dev/school/m2/balance-ton-enseigne/server/src/routes/authRoutes.ts","statementMap":{"0":{"start":{"line":1,"column":0},"end":{"line":1,"column":31}},"1":{"start":{"line":2,"column":0},"end":{"line":2,"column":59}},"2":{"start":{"line":4,"column":27},"end":{"line":4,"column":35}},"3":{"start":{"line":6,"column":0},"end":{"line":6,"column":48}},"4":{"start":{"line":7,"column":0},"end":{"line":7,"column":49}},"5":{"start":{"line":8,"column":0},"end":{"line":8,"column":51}},"6":{"start":{"line":10,"column":0},"end":{"line":10,"column":26}}},"fnMap":{},"branchMap":{},"s":{"0":6,"1":6,"2":6,"3":6,"4":6,"5":6,"6":6},"f":{},"b":{}}
,"/home/pauline/dev/school/m2/balance-ton-enseigne/server/src/routes/citiesRoutes.ts": {"path":"/home/pauline/dev/school/m2/balance-ton-enseigne/server/src/routes/citiesRoutes.ts","statementMap":{"0":{"start":{"line":1,"column":0},"end":{"line":1,"column":31}},"1":{"start":{"line":2,"column":0},"end":{"line":2,"column":59}},"2":{"start":{"line":4,"column":29},"end":{"line":4,"column":37}},"3":{"start":{"line":6,"column":0},"end":{"line":6,"column":46}},"4":{"start":{"line":7,"column":0},"end":{"line":7,"column":45}},"5":{"start":{"line":8,"column":0},"end":{"line":8,"column":48}},"6":{"start":{"line":9,"column":0},"end":{"line":9,"column":48}},"7":{"start":{"line":10,"column":0},"end":{"line":10,"column":51}},"8":{"start":{"line":12,"column":0},"end":{"line":12,"column":28}}},"fnMap":{},"branchMap":{},"s":{"0":6,"1":6,"2":6,"3":6,"4":6,"5":6,"6":6,"7":6,"8":6},"f":{},"b":{}}
,"/home/pauline/dev/school/m2/balance-ton-enseigne/server/src/routes/index.ts": {"path":"/home/pauline/dev/school/m2/balance-ton-enseigne/server/src/routes/index.ts","statementMap":{"0":{"start":{"line":1,"column":0},"end":{"line":1,"column":50}},"1":{"start":{"line":2,"column":0},"end":{"line":2,"column":38}},"2":{"start":{"line":3,"column":0},"end":{"line":3,"column":42}},"3":{"start":{"line":4,"column":0},"end":{"line":4,"column":44}},"4":{"start":{"line":5,"column":0},"end":{"line":5,"column":40}},"5":{"start":{"line":6,"column":0},"end":{"line":6,"column":40}},"6":{"start":{"line":8,"column":23},"end":{"line":8,"column":31}},"7":{"start":{"line":10,"column":0},"end":{"line":16,"column":3}},"8":{"start":{"line":11,"column":4},"end":{"line":15,"column":7}},"9":{"start":{"line":18,"column":0},"end":{"line":18,"column":32}},"10":{"start":{"line":19,"column":0},"end":{"line":19,"column":36}},"11":{"start":{"line":20,"column":0},"end":{"line":20,"column":38}},"12":{"start":{"line":21,"column":0},"end":{"line":21,"column":34}},"13":{"start":{"line":22,"column":0},"end":{"line":22,"column":34}},"14":{"start":{"line":24,"column":0},"end":{"line":30,"column":3}},"15":{"start":{"line":25,"column":4},"end":{"line":29,"column":7}},"16":{"start":{"line":32,"column":0},"end":{"line":32,"column":22}}},"fnMap":{"0":{"name":"(anonymous_1)","decl":{"start":{"line":10,"column":16},"end":{"line":10,"column":17}},"loc":{"start":{"line":10,"column":57},"end":{"line":16,"column":1}}},"1":{"name":"(anonymous_2)","decl":{"start":{"line":24,"column":16},"end":{"line":24,"column":17}},"loc":{"start":{"line":24,"column":57},"end":{"line":30,"column":1}}}},"branchMap":{},"s":{"0":6,"1":6,"2":6,"3":6,"4":6,"5":6,"6":6,"7":6,"8":1,"9":6,"10":6,"11":6,"12":6,"13":6,"14":6,"15":9,"16":6},"f":{"0":1,"1":9},"b":{}}
,"/home/pauline/dev/school/m2/balance-ton-enseigne/server/src/routes/reportsRoutes.ts": {"path":"/home/pauline/dev/school/m2/balance-ton-enseigne/server/src/routes/reportsRoutes.ts","statementMap":{"0":{"start":{"line":1,"column":0},"end":{"line":1,"column":31}},"1":{"start":{"line":2,"column":0},"end":{"line":2,"column":63}},"2":{"start":{"line":4,"column":30},"end":{"line":4,"column":38}},"3":{"start":{"line":6,"column":0},"end":{"line":6,"column":49}},"4":{"start":{"line":7,"column":0},"end":{"line":7,"column":48}},"5":{"start":{"line":8,"column":0},"end":{"line":8,"column":51}},"6":{"start":{"line":9,"column":0},"end":{"line":9,"column":51}},"7":{"start":{"line":10,"column":0},"end":{"line":10,"column":64}},"8":{"start":{"line":11,"column":0},"end":{"line":11,"column":54}},"9":{"start":{"line":13,"column":0},"end":{"line":13,"column":29}}},"fnMap":{},"branchMap":{},"s":{"0":6,"1":6,"2":6,"3":6,"4":6,"5":6,"6":6,"7":6,"8":6,"9":6},"f":{},"b":{}}
,"/home/pauline/dev/school/m2/balance-ton-enseigne/server/src/routes/rolesRoutes.ts": {"path":"/home/pauline/dev/school/m2/balance-ton-enseigne/server/src/routes/rolesRoutes.ts","statementMap":{"0":{"start":{"line":1,"column":0},"end":{"line":1,"column":31}},"1":{"start":{"line":2,"column":0},"end":{"line":2,"column":59}},"2":{"start":{"line":4,"column":28},"end":{"line":4,"column":36}},"3":{"start":{"line":6,"column":0},"end":{"line":6,"column":45}},"4":{"start":{"line":7,"column":0},"end":{"line":7,"column":44}},"5":{"start":{"line":8,"column":0},"end":{"line":8,"column":47}},"6":{"start":{"line":9,"column":0},"end":{"line":9,"column":47}},"7":{"start":{"line":10,"column":0},"end":{"line":10,"column":50}},"8":{"start":{"line":12,"column":0},"end":{"line":12,"column":27}}},"fnMap":{},"branchMap":{},"s":{"0":6,"1":6,"2":6,"3":6,"4":6,"5":6,"6":6,"7":6,"8":6},"f":{},"b":{}}
,"/home/pauline/dev/school/m2/balance-ton-enseigne/server/src/routes/usersRoutes.ts": {"path":"/home/pauline/dev/school/m2/balance-ton-enseigne/server/src/routes/usersRoutes.ts","statementMap":{"0":{"start":{"line":1,"column":0},"end":{"line":1,"column":31}},"1":{"start":{"line":2,"column":0},"end":{"line":2,"column":59}},"2":{"start":{"line":4,"column":28},"end":{"line":4,"column":36}},"3":{"start":{"line":6,"column":0},"end":{"line":6,"column":45}},"4":{"start":{"line":7,"column":0},"end":{"line":7,"column":44}},"5":{"start":{"line":8,"column":0},"end":{"line":8,"column":47}},"6":{"start":{"line":9,"column":0},"end":{"line":9,"column":59}},"7":{"start":{"line":10,"column":0},"end":{"line":10,"column":47}},"8":{"start":{"line":11,"column":0},"end":{"line":11,"column":64}},"9":{"start":{"line":12,"column":0},"end":{"line":12,"column":50}},"10":{"start":{"line":14,"column":0},"end":{"line":14,"column":27}}},"fnMap":{},"branchMap":{},"s":{"0":6,"1":6,"2":6,"3":6,"4":6,"5":6,"6":6,"7":6,"8":6,"9":6,"10":6},"f":{},"b":{}}
}
