TN:
SF:src/config/app.ts
FNF:0
FNH:0
DA:1,6
DA:2,6
DA:3,6
DA:5,6
DA:7,6
DA:8,6
DA:9,6
DA:10,6
DA:12,6
LF:9
LH:9
BRF:0
BRH:0
end_of_record
TN:
SF:src/config/database.ts
FNF:0
FNH:0
DA:1,6
DA:2,6
DA:4,6
DA:12,6
DA:14,6
LF:5
LH:5
BRF:0
BRH:0
end_of_record
TN:
SF:src/config/variables.ts
FNF:0
FNH:0
DA:1,6
DA:3,6
DA:5,6
DA:6,6
DA:8,0
DA:11,6
DA:13,6
DA:14,6
DA:15,6
DA:16,6
DA:17,6
DA:19,6
LF:12
LH:11
BRDA:5,0,0,6
BRDA:5,0,1,0
BRDA:11,1,0,6
BRDA:11,1,1,0
BRDA:11,2,0,6
BRDA:11,2,1,6
BRDA:13,3,0,6
BRDA:13,3,1,0
BRDA:13,4,0,6
BRDA:13,4,1,6
BRDA:14,5,0,6
BRDA:14,5,1,0
BRDA:14,6,0,6
BRDA:14,6,1,6
BRDA:15,7,0,6
BRDA:15,7,1,0
BRDA:15,8,0,6
BRDA:15,8,1,6
BRDA:16,9,0,6
BRDA:16,9,1,0
BRDA:16,10,0,6
BRDA:16,10,1,6
BRDA:17,11,0,6
BRDA:17,11,1,0
BRDA:17,12,0,6
BRDA:17,12,1,6
BRDA:19,13,0,6
BRDA:19,13,1,0
BRDA:19,14,0,6
BRDA:19,14,1,6
BRF:30
BRH:22
end_of_record
TN:
SF:src/controllers/AuthController.ts
FN:12,(anonymous_8)
FN:63,(anonymous_10)
FN:67,(anonymous_12)
FNF:3
FNH:3
FNDA:7,(anonymous_8)
FNDA:1,(anonymous_10)
FNDA:1,(anonymous_12)
DA:2,6
DA:3,6
DA:4,6
DA:5,6
DA:6,6
DA:7,6
DA:8,6
DA:13,7
DA:14,7
DA:15,4
DA:22,3
DA:23,3
DA:24,3
DA:25,1
DA:31,2
DA:32,2
DA:33,2
DA:34,1
DA:40,1
DA:41,1
DA:53,0
DA:64,1
DA:68,1
DA:69,1
DA:70,1
DA:71,1
DA:73,1
DA:74,1
DA:75,1
DA:82,0
DA:93,6
LF:31
LH:29
BRDA:14,0,0,4
BRDA:24,1,0,1
BRDA:24,1,1,2
BRDA:33,2,0,1
BRDA:33,2,1,1
BRDA:69,3,0,1
BRF:6
BRH:6
end_of_record
TN:
SF:src/controllers/CityController.ts
FN:9,(anonymous_8)
FN:47,(anonymous_10)
FN:66,(anonymous_12)
FN:102,(anonymous_14)
FN:158,(anonymous_16)
FNF:5
FNH:5
FNDA:23,(anonymous_8)
FNDA:1,(anonymous_10)
FNDA:5,(anonymous_12)
FNDA:26,(anonymous_14)
FNDA:5,(anonymous_16)
DA:2,6
DA:3,6
DA:4,6
DA:5,6
DA:6,6
DA:10,23
DA:11,23
DA:12,20
DA:19,3
DA:20,3
DA:21,3
DA:22,1
DA:28,2
DA:29,2
DA:30,2
DA:38,0
DA:48,1
DA:49,1
DA:50,1
DA:57,0
DA:67,5
DA:68,5
DA:69,3
DA:76,2
DA:77,2
DA:78,2
DA:79,1
DA:85,1
DA:93,0
DA:103,26
DA:104,26
DA:105,3
DA:112,23
DA:113,23
DA:114,20
DA:121,3
DA:122,3
DA:123,3
DA:124,1
DA:130,2
DA:131,2
DA:132,1
DA:138,1
DA:139,1
DA:140,1
DA:149,0
DA:159,5
DA:160,5
DA:161,3
DA:168,2
DA:169,2
DA:170,2
DA:171,0
DA:177,2
DA:178,2
DA:179,0
DA:187,2
DA:188,2
DA:189,1
DA:195,1
DA:198,0
DA:208,6
LF:62
LH:55
BRDA:11,0,0,20
BRDA:21,1,0,1
BRDA:21,1,1,2
BRDA:68,2,0,3
BRDA:78,3,0,1
BRDA:78,3,1,1
BRDA:104,4,0,3
BRDA:113,5,0,20
BRDA:123,6,0,1
BRDA:123,6,1,2
BRDA:131,7,0,1
BRDA:131,7,1,1
BRDA:131,8,0,2
BRDA:131,8,1,2
BRDA:160,9,0,3
BRDA:170,10,0,0
BRDA:170,10,1,2
BRDA:178,11,0,0
BRDA:188,12,0,1
BRDA:188,12,1,1
BRF:20
BRH:18
end_of_record
TN:
SF:src/controllers/ReportController.ts
FN:7,(anonymous_8)
FN:45,(anonymous_10)
FN:64,(anonymous_12)
FN:100,(anonymous_14)
FN:156,(anonymous_16)
FN:210,(anonymous_18)
FNF:6
FNH:6
FNDA:17,(anonymous_8)
FNDA:1,(anonymous_10)
FNDA:5,(anonymous_12)
FNDA:20,(anonymous_14)
FNDA:7,(anonymous_16)
FNDA:5,(anonymous_18)
DA:2,6
DA:3,6
DA:4,6
DA:8,17
DA:9,17
DA:10,14
DA:17,3
DA:18,3
DA:19,3
DA:20,1
DA:26,2
DA:27,2
DA:28,2
DA:36,0
DA:46,1
DA:47,1
DA:48,1
DA:55,0
DA:65,5
DA:66,5
DA:67,3
DA:74,2
DA:75,2
DA:76,2
DA:77,1
DA:83,1
DA:91,0
DA:101,20
DA:102,20
DA:103,3
DA:110,17
DA:111,17
DA:112,14
DA:119,3
DA:120,3
DA:121,3
DA:122,1
DA:128,2
DA:129,2
DA:130,1
DA:136,1
DA:137,1
DA:138,1
DA:147,0
DA:157,7
DA:158,7
DA:159,3
DA:166,4
DA:167,1
DA:174,3
DA:175,1
DA:182,2
DA:183,2
DA:184,2
DA:185,1
DA:191,1
DA:192,1
DA:193,1
DA:201,0
DA:211,5
DA:212,5
DA:213,3
DA:220,2
DA:221,2
DA:222,2
DA:223,1
DA:229,1
DA:232,0
DA:242,6
LF:69
LH:63
BRDA:9,0,0,14
BRDA:19,1,0,1
BRDA:19,1,1,2
BRDA:66,2,0,3
BRDA:76,3,0,1
BRDA:76,3,1,1
BRDA:102,4,0,3
BRDA:111,5,0,14
BRDA:121,6,0,1
BRDA:121,6,1,2
BRDA:129,7,0,1
BRDA:129,7,1,1
BRDA:129,8,0,2
BRDA:129,8,1,2
BRDA:158,9,0,3
BRDA:166,10,0,1
BRDA:174,11,0,1
BRDA:184,12,0,1
BRDA:184,12,1,1
BRDA:212,13,0,3
BRDA:222,14,0,1
BRDA:222,14,1,1
BRF:22
BRH:22
end_of_record
TN:
SF:src/controllers/RoleController.ts
FN:8,(anonymous_8)
FN:46,(anonymous_10)
FN:65,(anonymous_12)
FN:101,(anonymous_14)
FN:157,(anonymous_16)
FNF:5
FNH:5
FNDA:6,(anonymous_8)
FNDA:1,(anonymous_10)
FNDA:5,(anonymous_12)
FNDA:9,(anonymous_14)
FNDA:6,(anonymous_16)
DA:2,6
DA:3,6
DA:4,6
DA:5,6
DA:9,6
DA:10,6
DA:11,3
DA:18,3
DA:19,3
DA:20,3
DA:21,1
DA:27,2
DA:28,2
DA:29,2
DA:37,0
DA:47,1
DA:48,1
DA:49,1
DA:56,0
DA:66,5
DA:67,5
DA:68,3
DA:75,2
DA:76,2
DA:77,2
DA:78,1
DA:84,1
DA:92,0
DA:102,9
DA:103,9
DA:104,3
DA:111,6
DA:112,6
DA:113,3
DA:120,3
DA:121,3
DA:122,3
DA:123,1
DA:129,2
DA:130,2
DA:131,1
DA:137,1
DA:138,1
DA:139,1
DA:148,0
DA:158,6
DA:159,6
DA:160,3
DA:167,3
DA:168,3
DA:169,3
DA:170,1
DA:177,2
DA:178,2
DA:179,1
DA:185,1
DA:188,0
DA:198,6
LF:58
LH:53
BRDA:10,0,0,3
BRDA:20,1,0,1
BRDA:20,1,1,2
BRDA:67,2,0,3
BRDA:77,3,0,1
BRDA:77,3,1,1
BRDA:103,4,0,3
BRDA:112,5,0,3
BRDA:122,6,0,1
BRDA:122,6,1,2
BRDA:130,7,0,1
BRDA:130,7,1,1
BRDA:130,8,0,2
BRDA:130,8,1,1
BRDA:159,9,0,3
BRDA:169,10,0,1
BRDA:178,11,0,1
BRDA:178,11,1,1
BRF:18
BRH:18
end_of_record
TN:
SF:src/controllers/UserController.ts
FN:9,(anonymous_8)
FN:48,(anonymous_10)
FN:55,(anonymous_12)
FN:67,(anonymous_13)
FN:103,(anonymous_15)
FN:140,(anonymous_17)
FN:196,(anonymous_19)
FN:240,(anonymous_21)
FNF:8
FNH:8
FNDA:14,(anonymous_8)
FNDA:1,(anonymous_10)
FNDA:8,(anonymous_12)
FNDA:5,(anonymous_13)
FNDA:5,(anonymous_15)
FNDA:14,(anonymous_17)
FNDA:6,(anonymous_19)
FNDA:5,(anonymous_21)
DA:2,6
DA:3,6
DA:4,6
DA:5,6
DA:6,6
DA:10,14
DA:12,14
DA:13,10
DA:20,4
DA:21,4
DA:22,4
DA:23,1
DA:29,3
DA:30,3
DA:31,3
DA:39,0
DA:49,1
DA:50,1
DA:51,1
DA:55,8
DA:58,0
DA:68,5
DA:69,5
DA:70,3
DA:77,2
DA:78,2
DA:79,2
DA:80,1
DA:86,1
DA:94,0
DA:104,5
DA:105,5
DA:106,3
DA:113,2
DA:114,2
DA:115,2
DA:116,1
DA:122,1
DA:123,1
DA:131,0
DA:141,14
DA:142,14
DA:143,3
DA:150,11
DA:151,11
DA:152,8
DA:159,3
DA:160,3
DA:161,3
DA:162,1
DA:168,2
DA:169,2
DA:170,1
DA:176,1
DA:177,1
DA:178,1
DA:187,0
DA:197,6
DA:198,6
DA:199,3
DA:206,3
DA:207,1
DA:214,2
DA:215,2
DA:216,2
DA:217,1
DA:223,1
DA:224,1
DA:231,0
DA:241,5
DA:242,5
DA:243,3
DA:250,2
DA:251,2
DA:252,2
DA:253,1
DA:259,1
DA:262,0
DA:272,6
LF:79
LH:72
BRDA:12,0,0,10
BRDA:22,1,0,1
BRDA:22,1,1,3
BRDA:69,2,0,3
BRDA:79,3,0,1
BRDA:79,3,1,1
BRDA:105,4,0,3
BRDA:115,5,0,1
BRDA:115,5,1,1
BRDA:142,6,0,3
BRDA:151,7,0,8
BRDA:161,8,0,1
BRDA:161,8,1,2
BRDA:169,9,0,1
BRDA:169,9,1,1
BRDA:169,10,0,2
BRDA:169,10,1,2
BRDA:198,11,0,3
BRDA:206,12,0,1
BRDA:216,13,0,1
BRDA:216,13,1,1
BRDA:242,14,0,3
BRDA:252,15,0,1
BRDA:252,15,1,1
BRF:24
BRH:24
end_of_record
TN:
SF:src/fixtures/cityFixtures.ts
FN:4,generateCity
FN:19,generateCities
FNF:2
FNH:2
FNDA:18,generateCity
FNDA:6,generateCities
DA:1,6
DA:4,6
DA:5,18
DA:19,6
DA:20,6
DA:21,6
DA:22,18
DA:24,6
LF:8
LH:8
BRF:0
BRH:0
end_of_record
TN:
SF:src/fixtures/reportFixtures.ts
FN:4,generateReport
FN:16,generateReports
FNF:2
FNH:2
FNDA:72,generateReport
FNDA:6,generateReports
DA:1,6
DA:4,6
DA:5,72
DA:16,6
DA:17,6
DA:18,6
DA:19,72
DA:21,6
LF:8
LH:8
BRF:0
BRH:0
end_of_record
TN:
SF:src/fixtures/roleFixtures.ts
FN:3,generateRoles
FNF:1
FNH:1
FNDA:6,generateRoles
DA:3,6
DA:4,6
LF:2
LH:2
BRF:0
BRH:0
end_of_record
TN:
SF:src/fixtures/testDatabaseFixtures.ts
FN:17,initializeTestDatabase
FN:22,createTablesFromSqlFile
FN:40,insertFakeData
FN:52,insertFakeCities
FN:64,insertFakeRoles
FN:76,insertFakeUsers
FN:88,insertFakeReports
FNF:7
FNH:7
FNDA:6,initializeTestDatabase
FNDA:6,createTablesFromSqlFile
FNDA:6,insertFakeData
FNDA:6,insertFakeCities
FNDA:6,insertFakeRoles
FNDA:6,insertFakeUsers
FNDA:6,insertFakeReports
DA:2,6
DA:3,6
DA:4,6
DA:5,6
DA:6,6
DA:7,6
DA:8,6
DA:9,6
DA:10,6
DA:11,6
DA:13,6
DA:14,6
DA:15,6
DA:17,6
DA:18,6
DA:19,6
DA:23,6
DA:25,6
DA:26,6
DA:28,6
DA:29,6
DA:30,54
DA:31,48
DA:36,0
DA:41,6
DA:42,6
DA:43,6
DA:44,6
DA:45,6
DA:48,0
DA:53,6
DA:54,6
DA:55,6
DA:56,18
DA:60,0
DA:65,6
DA:66,6
DA:67,6
DA:68,12
DA:72,0
DA:77,6
DA:78,6
DA:79,6
DA:80,36
DA:84,0
DA:89,6
DA:90,6
DA:91,6
DA:92,72
DA:96,0
LF:50
LH:44
BRDA:30,0,0,48
BRF:1
BRH:1
end_of_record
TN:
SF:src/fixtures/userFixtures.ts
FN:5,generateUser
FN:16,generateUsers
FNF:2
FNH:2
FNDA:36,generateUser
FNDA:6,generateUsers
DA:1,6
DA:3,6
DA:5,6
DA:6,36
DA:7,36
DA:16,6
DA:17,6
DA:18,6
DA:19,36
DA:21,6
LF:10
LH:10
BRF:0
BRH:0
end_of_record
TN:
SF:src/helpers/jwtHelper.ts
FN:5,(anonymous_1)
FNF:1
FNH:1
FNDA:1,(anonymous_1)
DA:1,6
DA:2,6
DA:5,6
DA:6,1
LF:4
LH:4
BRF:0
BRH:0
end_of_record
TN:
SF:src/helpers/passwordHelper.ts
FN:4,(anonymous_9)
FN:4,(anonymous_10)
FN:9,(anonymous_11)
FN:9,(anonymous_12)
FN:13,(anonymous_13)
FNF:5
FNH:5
FNDA:76,(anonymous_9)
FNDA:76,(anonymous_10)
FNDA:2,(anonymous_11)
FNDA:2,(anonymous_12)
FNDA:17,(anonymous_13)
DA:1,6
DA:4,76
DA:5,76
DA:6,76
DA:9,6
DA:10,2
DA:13,6
DA:14,17
DA:15,17
LF:9
LH:9
BRF:0
BRH:0
end_of_record
TN:
SF:src/helpers/validateHelpers.ts
FN:1,(anonymous_0)
FN:15,(anonymous_1)
FNF:2
FNH:2
FNDA:124,(anonymous_0)
FNDA:128,(anonymous_1)
DA:1,6
DA:2,124
DA:3,540
DA:4,49
DA:7,491
DA:8,47
DA:12,28
DA:15,6
DA:16,128
LF:9
LH:9
BRDA:3,0,0,49
BRDA:7,1,0,47
BRDA:16,2,0,128
BRDA:16,2,1,113
BRDA:16,2,2,98
BRF:5
BRH:5
end_of_record
TN:
SF:src/models/City.ts
FNF:0
FNH:0
DA:30,6
LF:1
LH:1
BRF:0
BRH:0
end_of_record
TN:
SF:src/models/Login.ts
FNF:0
FNH:0
DA:6,6
LF:1
LH:1
BRF:0
BRH:0
end_of_record
TN:
SF:src/models/Report.ts
FNF:0
FNH:0
DA:26,6
LF:1
LH:1
BRF:0
BRH:0
end_of_record
TN:
SF:src/models/Role.ts
FNF:0
FNH:0
DA:12,6
LF:1
LH:1
BRF:0
BRH:0
end_of_record
TN:
SF:src/models/User.ts
FNF:0
FNH:0
DA:39,6
DA:47,6
LF:2
LH:2
BRF:0
BRH:0
end_of_record
TN:
SF:src/repositories/CityRepository.ts
FN:6,(anonymous_8)
FN:11,(anonymous_10)
FN:16,(anonymous_12)
FN:21,(anonymous_14)
FN:26,(anonymous_16)
FN:31,(anonymous_18)
FNF:6
FNH:6
FNDA:20,(anonymous_8)
FNDA:1,(anonymous_10)
FNDA:8,(anonymous_12)
FNDA:5,(anonymous_14)
FNDA:1,(anonymous_16)
FNDA:2,(anonymous_18)
DA:2,6
DA:7,20
DA:8,20
DA:12,1
DA:13,1
DA:17,8
DA:18,8
DA:22,5
DA:23,5
DA:27,1
DA:28,1
DA:32,2
DA:33,2
DA:37,6
LF:14
LH:14
BRF:0
BRH:0
end_of_record
TN:
SF:src/repositories/ReportRepository.ts
FN:6,(anonymous_8)
FN:11,(anonymous_10)
FN:16,(anonymous_12)
FN:21,(anonymous_14)
FN:26,(anonymous_16)
FN:31,(anonymous_18)
FN:37,(anonymous_20)
FN:42,(anonymous_22)
FN:47,(anonymous_24)
FNF:9
FNH:9
FNDA:74,(anonymous_8)
FNDA:1,(anonymous_10)
FNDA:1,(anonymous_12)
FNDA:2,(anonymous_14)
FNDA:11,(anonymous_16)
FNDA:5,(anonymous_18)
FNDA:1,(anonymous_20)
FNDA:1,(anonymous_22)
FNDA:2,(anonymous_24)
DA:2,6
DA:7,74
DA:8,74
DA:12,1
DA:13,1
DA:17,1
DA:18,1
DA:22,2
DA:23,2
DA:27,11
DA:28,11
DA:32,5
DA:33,5
DA:34,5
DA:38,1
DA:39,1
DA:43,1
DA:44,1
DA:48,2
DA:49,2
DA:53,6
LF:21
LH:21
BRF:0
BRH:0
end_of_record
TN:
SF:src/repositories/RoleRepository.ts
FN:6,(anonymous_8)
FN:11,(anonymous_10)
FN:16,(anonymous_12)
FN:21,(anonymous_14)
FN:26,(anonymous_16)
FN:31,(anonymous_18)
FNF:6
FNH:6
FNDA:14,(anonymous_8)
FNDA:1,(anonymous_10)
FNDA:8,(anonymous_12)
FNDA:5,(anonymous_14)
FNDA:1,(anonymous_16)
FNDA:2,(anonymous_18)
DA:2,6
DA:7,14
DA:8,14
DA:12,1
DA:13,1
DA:17,8
DA:18,8
DA:22,5
DA:23,5
DA:27,1
DA:28,1
DA:32,2
DA:33,2
DA:37,6
LF:14
LH:14
BRF:0
BRH:0
end_of_record
TN:
SF:src/repositories/UserRepository.ts
FN:7,(anonymous_8)
FN:13,(anonymous_10)
FN:18,(anonymous_12)
FN:23,(anonymous_14)
FN:28,(anonymous_16)
FN:33,(anonymous_18)
FN:38,(anonymous_20)
FN:43,(anonymous_22)
FN:49,(anonymous_24)
FNF:9
FNH:9
FNDA:39,(anonymous_8)
FNDA:1,(anonymous_10)
FNDA:3,(anonymous_12)
FNDA:2,(anonymous_14)
FNDA:14,(anonymous_16)
FNDA:9,(anonymous_18)
FNDA:1,(anonymous_20)
FNDA:1,(anonymous_22)
FNDA:2,(anonymous_24)
DA:2,6
DA:3,6
DA:8,39
DA:9,39
DA:10,39
DA:14,1
DA:15,1
DA:19,3
DA:20,3
DA:24,2
DA:25,2
DA:29,14
DA:30,14
DA:34,9
DA:35,9
DA:39,1
DA:40,1
DA:44,1
DA:45,1
DA:46,1
DA:50,2
DA:51,2
DA:55,6
LF:23
LH:23
BRF:0
BRH:0
end_of_record
TN:
SF:src/routes/authRoutes.ts
FNF:0
FNH:0
DA:1,6
DA:2,6
DA:4,6
DA:6,6
DA:7,6
DA:8,6
DA:10,6
LF:7
LH:7
BRF:0
BRH:0
end_of_record
TN:
SF:src/routes/citiesRoutes.ts
FNF:0
FNH:0
DA:1,6
DA:2,6
DA:4,6
DA:6,6
DA:7,6
DA:8,6
DA:9,6
DA:10,6
DA:12,6
LF:9
LH:9
BRF:0
BRH:0
end_of_record
TN:
SF:src/routes/index.ts
FN:10,(anonymous_1)
FN:24,(anonymous_2)
FNF:2
FNH:2
FNDA:1,(anonymous_1)
FNDA:9,(anonymous_2)
DA:1,6
DA:2,6
DA:3,6
DA:4,6
DA:5,6
DA:6,6
DA:8,6
DA:10,6
DA:11,1
DA:18,6
DA:19,6
DA:20,6
DA:21,6
DA:22,6
DA:24,6
DA:25,9
DA:32,6
LF:17
LH:17
BRF:0
BRH:0
end_of_record
TN:
SF:src/routes/reportsRoutes.ts
FNF:0
FNH:0
DA:1,6
DA:2,6
DA:4,6
DA:6,6
DA:7,6
DA:8,6
DA:9,6
DA:10,6
DA:11,6
DA:13,6
LF:10
LH:10
BRF:0
BRH:0
end_of_record
TN:
SF:src/routes/rolesRoutes.ts
FNF:0
FNH:0
DA:1,6
DA:2,6
DA:4,6
DA:6,6
DA:7,6
DA:8,6
DA:9,6
DA:10,6
DA:12,6
LF:9
LH:9
BRF:0
BRH:0
end_of_record
TN:
SF:src/routes/usersRoutes.ts
FNF:0
FNH:0
DA:1,6
DA:2,6
DA:4,6
DA:6,6
DA:7,6
DA:8,6
DA:9,6
DA:10,6
DA:11,6
DA:12,6
DA:14,6
LF:11
LH:11
BRF:0
BRH:0
end_of_record
